Analysis & Synthesis report for FreqDivider_Demo
Sun Mar 05 18:45:48 2023
Quartus Prime Version 20.1.1 Build 720 11/11/2020 SJ Lite Edition


---------------------
; Table of Contents ;
---------------------
  1. Legal Notice
  2. Analysis & Synthesis Summary
  3. Analysis & Synthesis Settings
  4. Parallel Compilation
  5. Analysis & Synthesis Source Files Read
  6. Analysis & Synthesis Resource Usage Summary
  7. Analysis & Synthesis Resource Utilization by Entity
  8. General Register Statistics
  9. Multiplexer Restructuring Statistics (Restructuring Performed)
 10. Parameter Settings for Inferred Entity Instance: CounterSigned7Seg4:Counter7Seg|Bin2BCDSigned_4bits:BCD|lpm_divide:Mod0
 11. Port Connectivity Checks: "CounterSigned7Seg4:Counter7Seg|Bin7SegDecoderEn:Seg7"
 12. Port Connectivity Checks: "FreqDivider:FreqDiv"
 13. Post-Synthesis Netlist Statistics for Top Partition
 14. Elapsed Time Per Partition
 15. Analysis & Synthesis Messages



----------------
; Legal Notice ;
----------------
Copyright (C) 2020  Intel Corporation. All rights reserved.
Your use of Intel Corporation's design tools, logic functions 
and other software and tools, and any partner logic 
functions, and any output files from any of the foregoing 
(including device programming or simulation files), and any 
associated documentation or information are expressly subject 
to the terms and conditions of the Intel Program License 
Subscription Agreement, the Intel Quartus Prime License Agreement,
the Intel FPGA IP License Agreement, or other applicable license
agreement, including, without limitation, that your use is for
the sole purpose of programming logic devices manufactured by
Intel and sold by Intel or its authorized distributors.  Please
refer to the applicable agreement for further details, at
https://fpgasoftware.intel.com/eula.



+----------------------------------------------------------------------------------+
; Analysis & Synthesis Summary                                                     ;
+------------------------------------+---------------------------------------------+
; Analysis & Synthesis Status        ; Successful - Sun Mar 05 18:45:48 2023       ;
; Quartus Prime Version              ; 20.1.1 Build 720 11/11/2020 SJ Lite Edition ;
; Revision Name                      ; FreqDivider_Demo                            ;
; Top-level Entity Name              ; FreqDivider_Demo                            ;
; Family                             ; Cyclone IV E                                ;
; Total logic elements               ; 102                                         ;
;     Total combinational functions  ; 102                                         ;
;     Dedicated logic registers      ; 37                                          ;
; Total registers                    ; 37                                          ;
; Total pins                         ; 23                                          ;
; Total virtual pins                 ; 0                                           ;
; Total memory bits                  ; 0                                           ;
; Embedded Multiplier 9-bit elements ; 0                                           ;
; Total PLLs                         ; 0                                           ;
+------------------------------------+---------------------------------------------+


+------------------------------------------------------------------------------------------------------------+
; Analysis & Synthesis Settings                                                                              ;
+------------------------------------------------------------------+--------------------+--------------------+
; Option                                                           ; Setting            ; Default Value      ;
+------------------------------------------------------------------+--------------------+--------------------+
; Device                                                           ; EP4CE115F29C7      ;                    ;
; Top-level entity name                                            ; FreqDivider_Demo   ; FreqDivider_Demo   ;
; Family name                                                      ; Cyclone IV E       ; Cyclone V          ;
; Use smart compilation                                            ; Off                ; Off                ;
; Enable parallel Assembler and Timing Analyzer during compilation ; On                 ; On                 ;
; Enable compact report table                                      ; Off                ; Off                ;
; Restructure Multiplexers                                         ; Auto               ; Auto               ;
; Create Debugging Nodes for IP Cores                              ; Off                ; Off                ;
; Preserve fewer node names                                        ; On                 ; On                 ;
; Intel FPGA IP Evaluation Mode                                    ; Enable             ; Enable             ;
; Verilog Version                                                  ; Verilog_2001       ; Verilog_2001       ;
; VHDL Version                                                     ; VHDL_1993          ; VHDL_1993          ;
; State Machine Processing                                         ; Auto               ; Auto               ;
; Safe State Machine                                               ; Off                ; Off                ;
; Extract Verilog State Machines                                   ; On                 ; On                 ;
; Extract VHDL State Machines                                      ; On                 ; On                 ;
; Ignore Verilog initial constructs                                ; Off                ; Off                ;
; Iteration limit for constant Verilog loops                       ; 5000               ; 5000               ;
; Iteration limit for non-constant Verilog loops                   ; 250                ; 250                ;
; Add Pass-Through Logic to Inferred RAMs                          ; On                 ; On                 ;
; Infer RAMs from Raw Logic                                        ; On                 ; On                 ;
; Parallel Synthesis                                               ; On                 ; On                 ;
; DSP Block Balancing                                              ; Auto               ; Auto               ;
; NOT Gate Push-Back                                               ; On                 ; On                 ;
; Power-Up Don't Care                                              ; On                 ; On                 ;
; Remove Redundant Logic Cells                                     ; Off                ; Off                ;
; Remove Duplicate Registers                                       ; On                 ; On                 ;
; Ignore CARRY Buffers                                             ; Off                ; Off                ;
; Ignore CASCADE Buffers                                           ; Off                ; Off                ;
; Ignore GLOBAL Buffers                                            ; Off                ; Off                ;
; Ignore ROW GLOBAL Buffers                                        ; Off                ; Off                ;
; Ignore LCELL Buffers                                             ; Off                ; Off                ;
; Ignore SOFT Buffers                                              ; On                 ; On                 ;
; Limit AHDL Integers to 32 Bits                                   ; Off                ; Off                ;
; Optimization Technique                                           ; Balanced           ; Balanced           ;
; Carry Chain Length                                               ; 70                 ; 70                 ;
; Auto Carry Chains                                                ; On                 ; On                 ;
; Auto Open-Drain Pins                                             ; On                 ; On                 ;
; Perform WYSIWYG Primitive Resynthesis                            ; Off                ; Off                ;
; Auto ROM Replacement                                             ; On                 ; On                 ;
; Auto RAM Replacement                                             ; On                 ; On                 ;
; Auto DSP Block Replacement                                       ; On                 ; On                 ;
; Auto Shift Register Replacement                                  ; Auto               ; Auto               ;
; Allow Shift Register Merging across Hierarchies                  ; Auto               ; Auto               ;
; Auto Clock Enable Replacement                                    ; On                 ; On                 ;
; Strict RAM Replacement                                           ; Off                ; Off                ;
; Allow Synchronous Control Signals                                ; On                 ; On                 ;
; Force Use of Synchronous Clear Signals                           ; Off                ; Off                ;
; Auto RAM Block Balancing                                         ; On                 ; On                 ;
; Auto RAM to Logic Cell Conversion                                ; Off                ; Off                ;
; Auto Resource Sharing                                            ; Off                ; Off                ;
; Allow Any RAM Size For Recognition                               ; Off                ; Off                ;
; Allow Any ROM Size For Recognition                               ; Off                ; Off                ;
; Allow Any Shift Register Size For Recognition                    ; Off                ; Off                ;
; Use LogicLock Constraints during Resource Balancing              ; On                 ; On                 ;
; Ignore translate_off and synthesis_off directives                ; Off                ; Off                ;
; Timing-Driven Synthesis                                          ; On                 ; On                 ;
; Report Parameter Settings                                        ; On                 ; On                 ;
; Report Source Assignments                                        ; On                 ; On                 ;
; Report Connectivity Checks                                       ; On                 ; On                 ;
; Ignore Maximum Fan-Out Assignments                               ; Off                ; Off                ;
; Synchronization Register Chain Length                            ; 2                  ; 2                  ;
; Power Optimization During Synthesis                              ; Normal compilation ; Normal compilation ;
; HDL message level                                                ; Level2             ; Level2             ;
; Suppress Register Optimization Related Messages                  ; Off                ; Off                ;
; Number of Removed Registers Reported in Synthesis Report         ; 5000               ; 5000               ;
; Number of Swept Nodes Reported in Synthesis Report               ; 5000               ; 5000               ;
; Number of Inverted Registers Reported in Synthesis Report        ; 100                ; 100                ;
; Clock MUX Protection                                             ; On                 ; On                 ;
; Auto Gated Clock Conversion                                      ; Off                ; Off                ;
; Block Design Naming                                              ; Auto               ; Auto               ;
; SDC constraint protection                                        ; Off                ; Off                ;
; Synthesis Effort                                                 ; Auto               ; Auto               ;
; Shift Register Replacement - Allow Asynchronous Clear Signal     ; On                 ; On                 ;
; Pre-Mapping Resynthesis Optimization                             ; Off                ; Off                ;
; Analysis & Synthesis Message Level                               ; Medium             ; Medium             ;
; Disable Register Merging Across Hierarchies                      ; Auto               ; Auto               ;
; Resource Aware Inference For Block RAM                           ; On                 ; On                 ;
+------------------------------------------------------------------+--------------------+--------------------+


+------------------------------------------+
; Parallel Compilation                     ;
+----------------------------+-------------+
; Processors                 ; Number      ;
+----------------------------+-------------+
; Number detected on machine ; 20          ;
; Maximum allowed            ; 14          ;
;                            ;             ;
; Average used               ; 1.00        ;
; Maximum used               ; 14          ;
;                            ;             ;
; Usage by Processor         ; % Time Used ;
;     Processor 1            ; 100.0%      ;
;     Processors 2-14        ;   0.0%      ;
+----------------------------+-------------+


+------------------------------------------------------------------------------------------------------------------------------------------------------------------------------------------------------------------------------+
; Analysis & Synthesis Source Files Read                                                                                                                                                                                       ;
+-----------------------------------------+-----------------+------------------------------+-------------------------------------------------------------------------------------------------------------------------+---------+
; File Name with User-Entered Path        ; Used in Netlist ; File Type                    ; File Name with Absolute Path                                                                                            ; Library ;
+-----------------------------------------+-----------------+------------------------------+-------------------------------------------------------------------------------------------------------------------------+---------+
; ../Parte4/FreqDivider.vhd               ; yes             ; User VHDL File               ; C:/Users/pedro/OneDrive - Universidade de Aveiro/Universidade/1ano/2semestre/LSD/P/P4/Parte4/FreqDivider.vhd            ;         ;
; ../../P2/Parte3/Bin7SegDecoderEn.vhd    ; yes             ; User VHDL File               ; C:/Users/pedro/OneDrive - Universidade de Aveiro/Universidade/1ano/2semestre/LSD/P/P2/Parte3/Bin7SegDecoderEn.vhd       ;         ;
; ../../P3/Parte5/Bin2BCDSigned_4bits.vhd ; yes             ; User VHDL File               ; C:/Users/pedro/OneDrive - Universidade de Aveiro/Universidade/1ano/2semestre/LSD/P/P3/Parte5/Bin2BCDSigned_4bits.vhd    ;         ;
; ../Parte3/CounterLoadUpDown4.vhd        ; yes             ; User VHDL File               ; C:/Users/pedro/OneDrive - Universidade de Aveiro/Universidade/1ano/2semestre/LSD/P/P4/Parte3/CounterLoadUpDown4.vhd     ;         ;
; FreqDivider_Demo.vhd                    ; yes             ; User VHDL File               ; C:/Users/pedro/OneDrive - Universidade de Aveiro/Universidade/1ano/2semestre/LSD/P/P4/Parte5/FreqDivider_Demo.vhd       ;         ;
; CounterSigned7Seg4.vhd                  ; yes             ; User VHDL File               ; C:/Users/pedro/OneDrive - Universidade de Aveiro/Universidade/1ano/2semestre/LSD/P/P4/Parte5/CounterSigned7Seg4.vhd     ;         ;
; lpm_divide.tdf                          ; yes             ; Megafunction                 ; c:/quartu_prime_lite/quartus/libraries/megafunctions/lpm_divide.tdf                                                     ;         ;
; abs_divider.inc                         ; yes             ; Megafunction                 ; c:/quartu_prime_lite/quartus/libraries/megafunctions/abs_divider.inc                                                    ;         ;
; sign_div_unsign.inc                     ; yes             ; Megafunction                 ; c:/quartu_prime_lite/quartus/libraries/megafunctions/sign_div_unsign.inc                                                ;         ;
; aglobal201.inc                          ; yes             ; Megafunction                 ; c:/quartu_prime_lite/quartus/libraries/megafunctions/aglobal201.inc                                                     ;         ;
; db/lpm_divide_j9m.tdf                   ; yes             ; Auto-Generated Megafunction  ; C:/Users/pedro/OneDrive - Universidade de Aveiro/Universidade/1ano/2semestre/LSD/P/P4/Parte5/db/lpm_divide_j9m.tdf      ;         ;
; db/sign_div_unsign_8kh.tdf              ; yes             ; Auto-Generated Megafunction  ; C:/Users/pedro/OneDrive - Universidade de Aveiro/Universidade/1ano/2semestre/LSD/P/P4/Parte5/db/sign_div_unsign_8kh.tdf ;         ;
; db/alt_u_div_44f.tdf                    ; yes             ; Auto-Generated Megafunction  ; C:/Users/pedro/OneDrive - Universidade de Aveiro/Universidade/1ano/2semestre/LSD/P/P4/Parte5/db/alt_u_div_44f.tdf       ;         ;
; db/add_sub_7pc.tdf                      ; yes             ; Auto-Generated Megafunction  ; C:/Users/pedro/OneDrive - Universidade de Aveiro/Universidade/1ano/2semestre/LSD/P/P4/Parte5/db/add_sub_7pc.tdf         ;         ;
; db/add_sub_8pc.tdf                      ; yes             ; Auto-Generated Megafunction  ; C:/Users/pedro/OneDrive - Universidade de Aveiro/Universidade/1ano/2semestre/LSD/P/P4/Parte5/db/add_sub_8pc.tdf         ;         ;
+-----------------------------------------+-----------------+------------------------------+-------------------------------------------------------------------------------------------------------------------------+---------+


+--------------------------------------------------------------+
; Analysis & Synthesis Resource Usage Summary                  ;
+---------------------------------------------+----------------+
; Resource                                    ; Usage          ;
+---------------------------------------------+----------------+
; Estimated Total logic elements              ; 102            ;
;                                             ;                ;
; Total combinational functions               ; 102            ;
; Logic element usage by number of LUT inputs ;                ;
;     -- 4 input functions                    ; 30             ;
;     -- 3 input functions                    ; 19             ;
;     -- <=2 input functions                  ; 53             ;
;                                             ;                ;
; Logic elements by mode                      ;                ;
;     -- normal mode                          ; 64             ;
;     -- arithmetic mode                      ; 38             ;
;                                             ;                ;
; Total registers                             ; 37             ;
;     -- Dedicated logic registers            ; 37             ;
;     -- I/O registers                        ; 0              ;
;                                             ;                ;
; I/O pins                                    ; 23             ;
;                                             ;                ;
; Embedded Multiplier 9-bit elements          ; 0              ;
;                                             ;                ;
; Maximum fan-out node                        ; CLOCK_50~input ;
; Maximum fan-out                             ; 33             ;
; Total fan-out                               ; 396            ;
; Average fan-out                             ; 2.14           ;
+---------------------------------------------+----------------+


+-----------------------------------------------------------------------------------------------------------------------------------------------------------------------------------------------------------------------------------------------------------------------------------------------------------------------------------------------------------------------------------------+
; Analysis & Synthesis Resource Utilization by Entity                                                                                                                                                                                                                                                                                                                                     ;
+----------------------------------------------+---------------------+---------------------------+-------------+--------------+---------+-----------+------+--------------+--------------------------------------------------------------------------------------------------------------------------------------------------------------------------+---------------------+--------------+
; Compilation Hierarchy Node                   ; Combinational ALUTs ; Dedicated Logic Registers ; Memory Bits ; DSP Elements ; DSP 9x9 ; DSP 18x18 ; Pins ; Virtual Pins ; Full Hierarchy Name                                                                                                                                                      ; Entity Name         ; Library Name ;
+----------------------------------------------+---------------------+---------------------------+-------------+--------------+---------+-----------+------+--------------+--------------------------------------------------------------------------------------------------------------------------------------------------------------------------+---------------------+--------------+
; |FreqDivider_Demo                            ; 102 (0)             ; 37 (0)                    ; 0           ; 0            ; 0       ; 0         ; 23   ; 0            ; |FreqDivider_Demo                                                                                                                                                        ; FreqDivider_Demo    ; work         ;
;    |CounterSigned7Seg4:Counter7Seg|          ; 42 (0)              ; 4 (0)                     ; 0           ; 0            ; 0       ; 0         ; 0    ; 0            ; |FreqDivider_Demo|CounterSigned7Seg4:Counter7Seg                                                                                                                         ; CounterSigned7Seg4  ; work         ;
;       |Bin2BCDSigned_4bits:BCD|              ; 15 (5)              ; 0 (0)                     ; 0           ; 0            ; 0       ; 0         ; 0    ; 0            ; |FreqDivider_Demo|CounterSigned7Seg4:Counter7Seg|Bin2BCDSigned_4bits:BCD                                                                                                 ; Bin2BCDSigned_4bits ; work         ;
;          |lpm_divide:Mod0|                   ; 10 (0)              ; 0 (0)                     ; 0           ; 0            ; 0       ; 0         ; 0    ; 0            ; |FreqDivider_Demo|CounterSigned7Seg4:Counter7Seg|Bin2BCDSigned_4bits:BCD|lpm_divide:Mod0                                                                                 ; lpm_divide          ; work         ;
;             |lpm_divide_j9m:auto_generated|  ; 10 (0)              ; 0 (0)                     ; 0           ; 0            ; 0       ; 0         ; 0    ; 0            ; |FreqDivider_Demo|CounterSigned7Seg4:Counter7Seg|Bin2BCDSigned_4bits:BCD|lpm_divide:Mod0|lpm_divide_j9m:auto_generated                                                   ; lpm_divide_j9m      ; work         ;
;                |sign_div_unsign_8kh:divider| ; 10 (0)              ; 0 (0)                     ; 0           ; 0            ; 0       ; 0         ; 0    ; 0            ; |FreqDivider_Demo|CounterSigned7Seg4:Counter7Seg|Bin2BCDSigned_4bits:BCD|lpm_divide:Mod0|lpm_divide_j9m:auto_generated|sign_div_unsign_8kh:divider                       ; sign_div_unsign_8kh ; work         ;
;                   |alt_u_div_44f:divider|    ; 10 (10)             ; 0 (0)                     ; 0           ; 0            ; 0       ; 0         ; 0    ; 0            ; |FreqDivider_Demo|CounterSigned7Seg4:Counter7Seg|Bin2BCDSigned_4bits:BCD|lpm_divide:Mod0|lpm_divide_j9m:auto_generated|sign_div_unsign_8kh:divider|alt_u_div_44f:divider ; alt_u_div_44f       ; work         ;
;       |Bin7SegDecoderEn:Seg7|                ; 20 (20)             ; 0 (0)                     ; 0           ; 0            ; 0       ; 0         ; 0    ; 0            ; |FreqDivider_Demo|CounterSigned7Seg4:Counter7Seg|Bin7SegDecoderEn:Seg7                                                                                                   ; Bin7SegDecoderEn    ; work         ;
;       |CounterLoadUpDown4:Counter|           ; 7 (7)               ; 4 (4)                     ; 0           ; 0            ; 0       ; 0         ; 0    ; 0            ; |FreqDivider_Demo|CounterSigned7Seg4:Counter7Seg|CounterLoadUpDown4:Counter                                                                                              ; CounterLoadUpDown4  ; work         ;
;    |FreqDivider:FreqDiv|                     ; 60 (60)             ; 33 (33)                   ; 0           ; 0            ; 0       ; 0         ; 0    ; 0            ; |FreqDivider_Demo|FreqDivider:FreqDiv                                                                                                                                    ; FreqDivider         ; work         ;
+----------------------------------------------+---------------------+---------------------------+-------------+--------------+---------+-----------+------+--------------+--------------------------------------------------------------------------------------------------------------------------------------------------------------------------+---------------------+--------------+
Note: For table entries with two numbers listed, the numbers in parentheses indicate the number of resources of the given type used by the specific entity alone. The numbers listed outside of parentheses indicate the total resources of the given type used by the specific entity and all of its sub-entities in the hierarchy.


+------------------------------------------------------+
; General Register Statistics                          ;
+----------------------------------------------+-------+
; Statistic                                    ; Value ;
+----------------------------------------------+-------+
; Total registers                              ; 37    ;
; Number of registers using Synchronous Clear  ; 3     ;
; Number of registers using Synchronous Load   ; 3     ;
; Number of registers using Asynchronous Clear ; 0     ;
; Number of registers using Asynchronous Load  ; 0     ;
; Number of registers using Clock Enable       ; 3     ;
; Number of registers using Preset             ; 0     ;
+----------------------------------------------+-------+


+------------------------------------------------------------------------------------------------------------------------------------------------------------------------------------------------------+
; Multiplexer Restructuring Statistics (Restructuring Performed)                                                                                                                                       ;
+--------------------+-----------+---------------+----------------------+------------------------+------------+----------------------------------------------------------------------------------------+
; Multiplexer Inputs ; Bus Width ; Baseline Area ; Area if Restructured ; Saving if Restructured ; Registered ; Example Multiplexer Output                                                             ;
+--------------------+-----------+---------------+----------------------+------------------------+------------+----------------------------------------------------------------------------------------+
; 4:1                ; 4 bits    ; 8 LEs         ; 8 LEs                ; 0 LEs                  ; Yes        ; |FreqDivider_Demo|CounterSigned7Seg4:Counter7Seg|CounterLoadUpDown4:Counter|s_count[2] ;
; 3:1                ; 2 bits    ; 4 LEs         ; 2 LEs                ; 2 LEs                  ; No         ; |FreqDivider_Demo|CounterSigned7Seg4:Counter7Seg|Bin7SegDecoderEn:Seg7|decOut_n        ;
; 256:1              ; 2 bits    ; 340 LEs       ; 84 LEs               ; 256 LEs                ; No         ; |FreqDivider_Demo|CounterSigned7Seg4:Counter7Seg|Bin7SegDecoderEn:Seg7|decOut_n        ;
+--------------------+-----------+---------------+----------------------+------------------------+------------+----------------------------------------------------------------------------------------+


+-------------------------------------------------------------------------------------------------------------------------+
; Parameter Settings for Inferred Entity Instance: CounterSigned7Seg4:Counter7Seg|Bin2BCDSigned_4bits:BCD|lpm_divide:Mod0 ;
+------------------------+----------------+-------------------------------------------------------------------------------+
; Parameter Name         ; Value          ; Type                                                                          ;
+------------------------+----------------+-------------------------------------------------------------------------------+
; LPM_WIDTHN             ; 5              ; Untyped                                                                       ;
; LPM_WIDTHD             ; 4              ; Untyped                                                                       ;
; LPM_NREPRESENTATION    ; UNSIGNED       ; Untyped                                                                       ;
; LPM_DREPRESENTATION    ; UNSIGNED       ; Untyped                                                                       ;
; LPM_PIPELINE           ; 0              ; Untyped                                                                       ;
; LPM_REMAINDERPOSITIVE  ; TRUE           ; Untyped                                                                       ;
; MAXIMIZE_SPEED         ; 5              ; Untyped                                                                       ;
; CBXI_PARAMETER         ; lpm_divide_j9m ; Untyped                                                                       ;
; CARRY_CHAIN            ; MANUAL         ; Untyped                                                                       ;
; OPTIMIZE_FOR_SPEED     ; 5              ; Untyped                                                                       ;
; AUTO_CARRY_CHAINS      ; ON             ; AUTO_CARRY                                                                    ;
; IGNORE_CARRY_BUFFERS   ; OFF            ; IGNORE_CARRY                                                                  ;
; AUTO_CASCADE_CHAINS    ; ON             ; AUTO_CASCADE                                                                  ;
; IGNORE_CASCADE_BUFFERS ; OFF            ; IGNORE_CASCADE                                                                ;
+------------------------+----------------+-------------------------------------------------------------------------------+
Note: In order to hide this table in the UI and the text report file, please set the "Show Parameter Settings in Synthesis Report" option in "Analysis and Synthesis Settings -> More Settings" to "Off".


+----------------------------------------------------------------------------------+
; Port Connectivity Checks: "CounterSigned7Seg4:Counter7Seg|Bin7SegDecoderEn:Seg7" ;
+--------+-------+----------+------------------------------------------------------+
; Port   ; Type  ; Severity ; Details                                              ;
+--------+-------+----------+------------------------------------------------------+
; enable ; Input ; Info     ; Stuck at VCC                                         ;
+--------+-------+----------+------------------------------------------------------+


+-------------------------------------------------+
; Port Connectivity Checks: "FreqDivider:FreqDiv" ;
+-----------+-------+----------+------------------+
; Port      ; Type  ; Severity ; Details          ;
+-----------+-------+----------+------------------+
; k[23..19] ; Input ; Info     ; Stuck at VCC     ;
; k[15..12] ; Input ; Info     ; Stuck at VCC     ;
; k[31..26] ; Input ; Info     ; Stuck at GND     ;
; k[11..8]  ; Input ; Info     ; Stuck at GND     ;
; k[6..0]   ; Input ; Info     ; Stuck at GND     ;
; k[25]     ; Input ; Info     ; Stuck at VCC     ;
; k[24]     ; Input ; Info     ; Stuck at GND     ;
; k[18]     ; Input ; Info     ; Stuck at GND     ;
; k[17]     ; Input ; Info     ; Stuck at VCC     ;
; k[16]     ; Input ; Info     ; Stuck at GND     ;
; k[7]      ; Input ; Info     ; Stuck at VCC     ;
+-----------+-------+----------+------------------+


+-----------------------------------------------------+
; Post-Synthesis Netlist Statistics for Top Partition ;
+-----------------------+-----------------------------+
; Type                  ; Count                       ;
+-----------------------+-----------------------------+
; boundary_port         ; 23                          ;
; cycloneiii_ff         ; 37                          ;
;     ENA SCLR SLD      ; 3                           ;
;     plain             ; 34                          ;
; cycloneiii_lcell_comb ; 104                         ;
;     arith             ; 38                          ;
;         1 data inputs ; 1                           ;
;         2 data inputs ; 35                          ;
;         3 data inputs ; 2                           ;
;     normal            ; 66                          ;
;         0 data inputs ; 2                           ;
;         1 data inputs ; 2                           ;
;         2 data inputs ; 15                          ;
;         3 data inputs ; 17                          ;
;         4 data inputs ; 30                          ;
;                       ;                             ;
; Max LUT depth         ; 6.40                        ;
; Average LUT depth     ; 3.95                        ;
+-----------------------+-----------------------------+


+-------------------------------+
; Elapsed Time Per Partition    ;
+----------------+--------------+
; Partition Name ; Elapsed Time ;
+----------------+--------------+
; Top            ; 00:00:00     ;
+----------------+--------------+


+-------------------------------+
; Analysis & Synthesis Messages ;
+-------------------------------+
Info: *******************************************************************
Info: Running Quartus Prime Analysis & Synthesis
    Info: Version 20.1.1 Build 720 11/11/2020 SJ Lite Edition
    Info: Processing started: Sun Mar 05 18:45:41 2023
Info: Command: quartus_map --read_settings_files=on --write_settings_files=off FreqDivider_Demo -c FreqDivider_Demo
Warning (18236): Number of processors has not been specified which may cause overloading on shared machines.  Set the global assignment NUM_PARALLEL_PROCESSORS in your QSF to an appropriate value for best performance.
Info (20030): Parallel compilation is enabled and will use 14 of the 14 processors detected
Info (12021): Found 2 design units, including 1 entities, in source file /users/pedro/onedrive - universidade de aveiro/universidade/1ano/2semestre/lsd/p/p4/parte4/freqdivider.vhd
    Info (12022): Found design unit 1: FreqDivider-Behavioral File: C:/Users/pedro/OneDrive - Universidade de Aveiro/Universidade/1ano/2semestre/LSD/P/P4/Parte4/FreqDivider.vhd Line: 11
    Info (12023): Found entity 1: FreqDivider File: C:/Users/pedro/OneDrive - Universidade de Aveiro/Universidade/1ano/2semestre/LSD/P/P4/Parte4/FreqDivider.vhd Line: 5
Info (12021): Found 2 design units, including 1 entities, in source file /users/pedro/onedrive - universidade de aveiro/universidade/1ano/2semestre/lsd/p/p2/parte3/bin7segdecoderen.vhd
    Info (12022): Found design unit 1: Bin7SegDecoderEn-Behavioral File: C:/Users/pedro/OneDrive - Universidade de Aveiro/Universidade/1ano/2semestre/LSD/P/P2/Parte3/Bin7SegDecoderEn.vhd Line: 11
    Info (12023): Found entity 1: Bin7SegDecoderEn File: C:/Users/pedro/OneDrive - Universidade de Aveiro/Universidade/1ano/2semestre/LSD/P/P2/Parte3/Bin7SegDecoderEn.vhd Line: 4
Info (12021): Found 2 design units, including 1 entities, in source file /users/pedro/onedrive - universidade de aveiro/universidade/1ano/2semestre/lsd/p/p3/parte5/bin2bcdsigned_4bits.vhd
    Info (12022): Found design unit 1: Bin2BCDSigned_4bits-Behavioral File: C:/Users/pedro/OneDrive - Universidade de Aveiro/Universidade/1ano/2semestre/LSD/P/P3/Parte5/Bin2BCDSigned_4bits.vhd Line: 12
    Info (12023): Found entity 1: Bin2BCDSigned_4bits File: C:/Users/pedro/OneDrive - Universidade de Aveiro/Universidade/1ano/2semestre/LSD/P/P3/Parte5/Bin2BCDSigned_4bits.vhd Line: 5
Info (12021): Found 2 design units, including 1 entities, in source file /users/pedro/onedrive - universidade de aveiro/universidade/1ano/2semestre/lsd/p/p4/parte3/counterloadupdown4.vhd
    Info (12022): Found design unit 1: CounterLoadUpDown4-Behavioral File: C:/Users/pedro/OneDrive - Universidade de Aveiro/Universidade/1ano/2semestre/LSD/P/P4/Parte3/CounterLoadUpDown4.vhd Line: 12
    Info (12023): Found entity 1: CounterLoadUpDown4 File: C:/Users/pedro/OneDrive - Universidade de Aveiro/Universidade/1ano/2semestre/LSD/P/P4/Parte3/CounterLoadUpDown4.vhd Line: 5
Info (12021): Found 2 design units, including 1 entities, in source file freqdivider_demo.vhd
    Info (12022): Found design unit 1: FreqDivider_Demo-Shell File: C:/Users/pedro/OneDrive - Universidade de Aveiro/Universidade/1ano/2semestre/LSD/P/P4/Parte5/FreqDivider_Demo.vhd Line: 12
    Info (12023): Found entity 1: FreqDivider_Demo File: C:/Users/pedro/OneDrive - Universidade de Aveiro/Universidade/1ano/2semestre/LSD/P/P4/Parte5/FreqDivider_Demo.vhd Line: 5
Info (12021): Found 2 design units, including 1 entities, in source file countersigned7seg4.vhd
    Info (12022): Found design unit 1: CounterSigned7Seg4-Shell File: C:/Users/pedro/OneDrive - Universidade de Aveiro/Universidade/1ano/2semestre/LSD/P/P4/Parte5/CounterSigned7Seg4.vhd Line: 13
    Info (12023): Found entity 1: CounterSigned7Seg4 File: C:/Users/pedro/OneDrive - Universidade de Aveiro/Universidade/1ano/2semestre/LSD/P/P4/Parte5/CounterSigned7Seg4.vhd Line: 5
Info (12127): Elaborating entity "FreqDivider_Demo" for the top level hierarchy
Info (12129): Elaborating entity "FreqDivider" using architecture "A:behavioral" for hierarchy "FreqDivider:FreqDiv" File: C:/Users/pedro/OneDrive - Universidade de Aveiro/Universidade/1ano/2semestre/LSD/P/P4/Parte5/FreqDivider_Demo.vhd Line: 15
Info (12129): Elaborating entity "CounterSigned7Seg4" using architecture "A:shell" for hierarchy "CounterSigned7Seg4:Counter7Seg" File: C:/Users/pedro/OneDrive - Universidade de Aveiro/Universidade/1ano/2semestre/LSD/P/P4/Parte5/FreqDivider_Demo.vhd Line: 21
Info (12129): Elaborating entity "CounterLoadUpDown4" using architecture "A:behavioral" for hierarchy "CounterSigned7Seg4:Counter7Seg|CounterLoadUpDown4:Counter" File: C:/Users/pedro/OneDrive - Universidade de Aveiro/Universidade/1ano/2semestre/LSD/P/P4/Parte5/CounterSigned7Seg4.vhd Line: 16
Info (12129): Elaborating entity "Bin2BCDSigned_4bits" using architecture "A:behavioral" for hierarchy "CounterSigned7Seg4:Counter7Seg|Bin2BCDSigned_4bits:BCD" File: C:/Users/pedro/OneDrive - Universidade de Aveiro/Universidade/1ano/2semestre/LSD/P/P4/Parte5/CounterSigned7Seg4.vhd Line: 25
Warning (10492): VHDL Process Statement warning at Bin2BCDSigned_4bits.vhd(19): signal "s_Unid" is read inside the Process Statement but isn't in the Process Statement's sensitivity list File: C:/Users/pedro/OneDrive - Universidade de Aveiro/Universidade/1ano/2semestre/LSD/P/P3/Parte5/Bin2BCDSigned_4bits.vhd Line: 19
Info (12129): Elaborating entity "Bin7SegDecoderEn" using architecture "A:behavioral" for hierarchy "CounterSigned7Seg4:Counter7Seg|Bin7SegDecoderEn:Seg7" File: C:/Users/pedro/OneDrive - Universidade de Aveiro/Universidade/1ano/2semestre/LSD/P/P4/Parte5/CounterSigned7Seg4.vhd Line: 30
Info (278001): Inferred 1 megafunctions from design logic
    Info (278004): Inferred divider/modulo megafunction ("lpm_divide") from the following logic: "CounterSigned7Seg4:Counter7Seg|Bin2BCDSigned_4bits:BCD|Mod0" File: C:/Users/pedro/OneDrive - Universidade de Aveiro/Universidade/1ano/2semestre/LSD/P/P3/Parte5/Bin2BCDSigned_4bits.vhd Line: 17
Info (12130): Elaborated megafunction instantiation "CounterSigned7Seg4:Counter7Seg|Bin2BCDSigned_4bits:BCD|lpm_divide:Mod0" File: C:/Users/pedro/OneDrive - Universidade de Aveiro/Universidade/1ano/2semestre/LSD/P/P3/Parte5/Bin2BCDSigned_4bits.vhd Line: 17
Info (12133): Instantiated megafunction "CounterSigned7Seg4:Counter7Seg|Bin2BCDSigned_4bits:BCD|lpm_divide:Mod0" with the following parameter: File: C:/Users/pedro/OneDrive - Universidade de Aveiro/Universidade/1ano/2semestre/LSD/P/P3/Parte5/Bin2BCDSigned_4bits.vhd Line: 17
    Info (12134): Parameter "LPM_WIDTHN" = "5"
    Info (12134): Parameter "LPM_WIDTHD" = "4"
    Info (12134): Parameter "LPM_NREPRESENTATION" = "UNSIGNED"
    Info (12134): Parameter "LPM_DREPRESENTATION" = "UNSIGNED"
Info (12021): Found 1 design units, including 1 entities, in source file db/lpm_divide_j9m.tdf
    Info (12023): Found entity 1: lpm_divide_j9m File: C:/Users/pedro/OneDrive - Universidade de Aveiro/Universidade/1ano/2semestre/LSD/P/P4/Parte5/db/lpm_divide_j9m.tdf Line: 25
Info (12021): Found 1 design units, including 1 entities, in source file db/sign_div_unsign_8kh.tdf
    Info (12023): Found entity 1: sign_div_unsign_8kh File: C:/Users/pedro/OneDrive - Universidade de Aveiro/Universidade/1ano/2semestre/LSD/P/P4/Parte5/db/sign_div_unsign_8kh.tdf Line: 25
Info (12021): Found 1 design units, including 1 entities, in source file db/alt_u_div_44f.tdf
    Info (12023): Found entity 1: alt_u_div_44f File: C:/Users/pedro/OneDrive - Universidade de Aveiro/Universidade/1ano/2semestre/LSD/P/P4/Parte5/db/alt_u_div_44f.tdf Line: 27
Info (12021): Found 1 design units, including 1 entities, in source file db/add_sub_7pc.tdf
    Info (12023): Found entity 1: add_sub_7pc File: C:/Users/pedro/OneDrive - Universidade de Aveiro/Universidade/1ano/2semestre/LSD/P/P4/Parte5/db/add_sub_7pc.tdf Line: 23
Info (12021): Found 1 design units, including 1 entities, in source file db/add_sub_8pc.tdf
    Info (12023): Found entity 1: add_sub_8pc File: C:/Users/pedro/OneDrive - Universidade de Aveiro/Universidade/1ano/2semestre/LSD/P/P4/Parte5/db/add_sub_8pc.tdf Line: 23
Warning (13024): Output pins are stuck at VCC or GND
    Warning (13410): Pin "HEX1[0]" is stuck at VCC File: C:/Users/pedro/OneDrive - Universidade de Aveiro/Universidade/1ano/2semestre/LSD/P/P4/Parte5/FreqDivider_Demo.vhd Line: 9
    Warning (13410): Pin "HEX1[1]" is stuck at VCC File: C:/Users/pedro/OneDrive - Universidade de Aveiro/Universidade/1ano/2semestre/LSD/P/P4/Parte5/FreqDivider_Demo.vhd Line: 9
    Warning (13410): Pin "HEX1[2]" is stuck at VCC File: C:/Users/pedro/OneDrive - Universidade de Aveiro/Universidade/1ano/2semestre/LSD/P/P4/Parte5/FreqDivider_Demo.vhd Line: 9
    Warning (13410): Pin "HEX1[3]" is stuck at VCC File: C:/Users/pedro/OneDrive - Universidade de Aveiro/Universidade/1ano/2semestre/LSD/P/P4/Parte5/FreqDivider_Demo.vhd Line: 9
    Warning (13410): Pin "HEX1[4]" is stuck at VCC File: C:/Users/pedro/OneDrive - Universidade de Aveiro/Universidade/1ano/2semestre/LSD/P/P4/Parte5/FreqDivider_Demo.vhd Line: 9
    Warning (13410): Pin "HEX1[5]" is stuck at VCC File: C:/Users/pedro/OneDrive - Universidade de Aveiro/Universidade/1ano/2semestre/LSD/P/P4/Parte5/FreqDivider_Demo.vhd Line: 9
Info (286030): Timing-Driven Synthesis is running
Info (16010): Generating hard_block partition "hard_block:auto_generated_inst"
    Info (16011): Adding 0 node(s), including 0 DDIO, 0 PLL, 0 transceiver and 0 LCELL
Info (21057): Implemented 125 device resources after synthesis - the final resource count might be different
    Info (21058): Implemented 9 input pins
    Info (21059): Implemented 14 output pins
    Info (21061): Implemented 102 logic cells
Info: Quartus Prime Analysis & Synthesis was successful. 0 errors, 9 warnings
    Info: Peak virtual memory: 4858 megabytes
    Info: Processing ended: Sun Mar 05 18:45:48 2023
    Info: Elapsed time: 00:00:07
    Info: Total CPU time (on all processors): 00:00:05


