Analysis & Synthesis report for TimerDemo
Tue Apr 18 18:46:46 2023
Quartus Prime Version 20.1.1 Build 720 11/11/2020 SJ Lite Edition


---------------------
; Table of Contents ;
---------------------
  1. Legal Notice
  2. Analysis & Synthesis Summary
  3. Analysis & Synthesis Settings
  4. Parallel Compilation
  5. Analysis & Synthesis Source Files Read
  6. Analysis & Synthesis Resource Usage Summary
  7. Analysis & Synthesis Resource Utilization by Entity
  8. General Register Statistics
  9. Inverted Register Statistics
 10. Multiplexer Restructuring Statistics (Restructuring Performed)
 11. Parameter Settings for User Entity Instance: PulseGeneratorN:pulse_gen
 12. Parameter Settings for User Entity Instance: DebounceUnit:ResetDebounce
 13. Parameter Settings for User Entity Instance: DebounceUnit:StartStopDebounce
 14. Parameter Settings for User Entity Instance: Timer:timer
 15. Parameter Settings for User Entity Instance: Bin2BCD:bin_to_BCD
 16. Parameter Settings for Inferred Entity Instance: Bin2BCD:bin_to_BCD|lpm_divide:Mod0
 17. Parameter Settings for Inferred Entity Instance: Bin2BCD:bin_to_BCD|lpm_divide:Div0
 18. Parameter Settings for Inferred Entity Instance: Bin2BCD:bin_to_BCD|lpm_divide:Mod1
 19. Parameter Settings for Inferred Entity Instance: PulseGeneratorN:pulse_gen|lpm_divide:Mod0
 20. Port Connectivity Checks: "Bin7SegDecoder:dezen_7seg"
 21. Port Connectivity Checks: "Bin7SegDecoder:unid_7seg"
 22. Port Connectivity Checks: "Bin2BCD:bin_to_BCD"
 23. Port Connectivity Checks: "PulseGeneratorN:pulse_gen"
 24. Post-Synthesis Netlist Statistics for Top Partition
 25. Elapsed Time Per Partition
 26. Analysis & Synthesis Messages



----------------
; Legal Notice ;
----------------
Copyright (C) 2020  Intel Corporation. All rights reserved.
Your use of Intel Corporation's design tools, logic functions 
and other software and tools, and any partner logic 
functions, and any output files from any of the foregoing 
(including device programming or simulation files), and any 
associated documentation or information are expressly subject 
to the terms and conditions of the Intel Program License 
Subscription Agreement, the Intel Quartus Prime License Agreement,
the Intel FPGA IP License Agreement, or other applicable license
agreement, including, without limitation, that your use is for
the sole purpose of programming logic devices manufactured by
Intel and sold by Intel or its authorized distributors.  Please
refer to the applicable agreement for further details, at
https://fpgasoftware.intel.com/eula.



+----------------------------------------------------------------------------------+
; Analysis & Synthesis Summary                                                     ;
+------------------------------------+---------------------------------------------+
; Analysis & Synthesis Status        ; Successful - Tue Apr 18 18:46:46 2023       ;
; Quartus Prime Version              ; 20.1.1 Build 720 11/11/2020 SJ Lite Edition ;
; Revision Name                      ; TimerDemo                                   ;
; Top-level Entity Name              ; TimerDemo                                   ;
; Family                             ; Cyclone IV E                                ;
; Total logic elements               ; 307                                         ;
;     Total combinational functions  ; 305                                         ;
;     Dedicated logic registers      ; 86                                          ;
; Total registers                    ; 86                                          ;
; Total pins                         ; 19                                          ;
; Total virtual pins                 ; 0                                           ;
; Total memory bits                  ; 0                                           ;
; Embedded Multiplier 9-bit elements ; 0                                           ;
; Total PLLs                         ; 0                                           ;
+------------------------------------+---------------------------------------------+


+------------------------------------------------------------------------------------------------------------+
; Analysis & Synthesis Settings                                                                              ;
+------------------------------------------------------------------+--------------------+--------------------+
; Option                                                           ; Setting            ; Default Value      ;
+------------------------------------------------------------------+--------------------+--------------------+
; Device                                                           ; EP4CE115F29C7      ;                    ;
; Top-level entity name                                            ; TimerDemo          ; TimerDemo          ;
; Family name                                                      ; Cyclone IV E       ; Cyclone V          ;
; Use smart compilation                                            ; Off                ; Off                ;
; Enable parallel Assembler and Timing Analyzer during compilation ; On                 ; On                 ;
; Enable compact report table                                      ; Off                ; Off                ;
; Restructure Multiplexers                                         ; Auto               ; Auto               ;
; Create Debugging Nodes for IP Cores                              ; Off                ; Off                ;
; Preserve fewer node names                                        ; On                 ; On                 ;
; Intel FPGA IP Evaluation Mode                                    ; Enable             ; Enable             ;
; Verilog Version                                                  ; Verilog_2001       ; Verilog_2001       ;
; VHDL Version                                                     ; VHDL_1993          ; VHDL_1993          ;
; State Machine Processing                                         ; Auto               ; Auto               ;
; Safe State Machine                                               ; Off                ; Off                ;
; Extract Verilog State Machines                                   ; On                 ; On                 ;
; Extract VHDL State Machines                                      ; On                 ; On                 ;
; Ignore Verilog initial constructs                                ; Off                ; Off                ;
; Iteration limit for constant Verilog loops                       ; 5000               ; 5000               ;
; Iteration limit for non-constant Verilog loops                   ; 250                ; 250                ;
; Add Pass-Through Logic to Inferred RAMs                          ; On                 ; On                 ;
; Infer RAMs from Raw Logic                                        ; On                 ; On                 ;
; Parallel Synthesis                                               ; On                 ; On                 ;
; DSP Block Balancing                                              ; Auto               ; Auto               ;
; NOT Gate Push-Back                                               ; On                 ; On                 ;
; Power-Up Don't Care                                              ; On                 ; On                 ;
; Remove Redundant Logic Cells                                     ; Off                ; Off                ;
; Remove Duplicate Registers                                       ; On                 ; On                 ;
; Ignore CARRY Buffers                                             ; Off                ; Off                ;
; Ignore CASCADE Buffers                                           ; Off                ; Off                ;
; Ignore GLOBAL Buffers                                            ; Off                ; Off                ;
; Ignore ROW GLOBAL Buffers                                        ; Off                ; Off                ;
; Ignore LCELL Buffers                                             ; Off                ; Off                ;
; Ignore SOFT Buffers                                              ; On                 ; On                 ;
; Limit AHDL Integers to 32 Bits                                   ; Off                ; Off                ;
; Optimization Technique                                           ; Balanced           ; Balanced           ;
; Carry Chain Length                                               ; 70                 ; 70                 ;
; Auto Carry Chains                                                ; On                 ; On                 ;
; Auto Open-Drain Pins                                             ; On                 ; On                 ;
; Perform WYSIWYG Primitive Resynthesis                            ; Off                ; Off                ;
; Auto ROM Replacement                                             ; On                 ; On                 ;
; Auto RAM Replacement                                             ; On                 ; On                 ;
; Auto DSP Block Replacement                                       ; On                 ; On                 ;
; Auto Shift Register Replacement                                  ; Auto               ; Auto               ;
; Allow Shift Register Merging across Hierarchies                  ; Auto               ; Auto               ;
; Auto Clock Enable Replacement                                    ; On                 ; On                 ;
; Strict RAM Replacement                                           ; Off                ; Off                ;
; Allow Synchronous Control Signals                                ; On                 ; On                 ;
; Force Use of Synchronous Clear Signals                           ; Off                ; Off                ;
; Auto RAM Block Balancing                                         ; On                 ; On                 ;
; Auto RAM to Logic Cell Conversion                                ; Off                ; Off                ;
; Auto Resource Sharing                                            ; Off                ; Off                ;
; Allow Any RAM Size For Recognition                               ; Off                ; Off                ;
; Allow Any ROM Size For Recognition                               ; Off                ; Off                ;
; Allow Any Shift Register Size For Recognition                    ; Off                ; Off                ;
; Use LogicLock Constraints during Resource Balancing              ; On                 ; On                 ;
; Ignore translate_off and synthesis_off directives                ; Off                ; Off                ;
; Timing-Driven Synthesis                                          ; On                 ; On                 ;
; Report Parameter Settings                                        ; On                 ; On                 ;
; Report Source Assignments                                        ; On                 ; On                 ;
; Report Connectivity Checks                                       ; On                 ; On                 ;
; Ignore Maximum Fan-Out Assignments                               ; Off                ; Off                ;
; Synchronization Register Chain Length                            ; 2                  ; 2                  ;
; Power Optimization During Synthesis                              ; Normal compilation ; Normal compilation ;
; HDL message level                                                ; Level2             ; Level2             ;
; Suppress Register Optimization Related Messages                  ; Off                ; Off                ;
; Number of Removed Registers Reported in Synthesis Report         ; 5000               ; 5000               ;
; Number of Swept Nodes Reported in Synthesis Report               ; 5000               ; 5000               ;
; Number of Inverted Registers Reported in Synthesis Report        ; 100                ; 100                ;
; Clock MUX Protection                                             ; On                 ; On                 ;
; Auto Gated Clock Conversion                                      ; Off                ; Off                ;
; Block Design Naming                                              ; Auto               ; Auto               ;
; SDC constraint protection                                        ; Off                ; Off                ;
; Synthesis Effort                                                 ; Auto               ; Auto               ;
; Shift Register Replacement - Allow Asynchronous Clear Signal     ; On                 ; On                 ;
; Pre-Mapping Resynthesis Optimization                             ; Off                ; Off                ;
; Analysis & Synthesis Message Level                               ; Medium             ; Medium             ;
; Disable Register Merging Across Hierarchies                      ; Auto               ; Auto               ;
; Resource Aware Inference For Block RAM                           ; On                 ; On                 ;
+------------------------------------------------------------------+--------------------+--------------------+


+------------------------------------------+
; Parallel Compilation                     ;
+----------------------------+-------------+
; Processors                 ; Number      ;
+----------------------------+-------------+
; Number detected on machine ; 20          ;
; Maximum allowed            ; 14          ;
;                            ;             ;
; Average used               ; 1.00        ;
; Maximum used               ; 14          ;
;                            ;             ;
; Usage by Processor         ; % Time Used ;
;     Processor 1            ; 100.0%      ;
;     Processors 2-14        ;   0.0%      ;
+----------------------------+-------------+


+---------------------------------------------------------------------------------------------------------------------------------------------------------------------------------------------------------------------------------+
; Analysis & Synthesis Source Files Read                                                                                                                                                                                          ;
+----------------------------------+-----------------+------------------------------+-----------------------------------------------------------------------------------------------------------------------------------+---------+
; File Name with User-Entered Path ; Used in Netlist ; File Type                    ; File Name with Absolute Path                                                                                                      ; Library ;
+----------------------------------+-----------------+------------------------------+-----------------------------------------------------------------------------------------------------------------------------------+---------+
; Timer.vhd                        ; yes             ; User VHDL File               ; C:/Users/pedro/OneDrive - Universidade de Aveiro/Universidade/1ano/2semestre/LSD/P/Mini-projeto/115304/Timer.vhd                  ;         ;
; TimerDemo.vhd                    ; yes             ; User VHDL File               ; C:/Users/pedro/OneDrive - Universidade de Aveiro/Universidade/1ano/2semestre/LSD/P/Mini-projeto/115304/TimerDemo.vhd              ;         ;
; PulseGeneratorN.vhd              ; yes             ; User VHDL File               ; C:/Users/pedro/OneDrive - Universidade de Aveiro/Universidade/1ano/2semestre/LSD/P/Mini-projeto/115304/PulseGeneratorN.vhd        ;         ;
; DebounceUnit.vhd                 ; yes             ; User VHDL File               ; C:/Users/pedro/OneDrive - Universidade de Aveiro/Universidade/1ano/2semestre/LSD/P/Mini-projeto/115304/DebounceUnit.vhd           ;         ;
; Bin7SegDecoder.vhd               ; yes             ; User VHDL File               ; C:/Users/pedro/OneDrive - Universidade de Aveiro/Universidade/1ano/2semestre/LSD/P/Mini-projeto/115304/Bin7SegDecoder.vhd         ;         ;
; Bin2BCD.vhd                      ; yes             ; User VHDL File               ; C:/Users/pedro/OneDrive - Universidade de Aveiro/Universidade/1ano/2semestre/LSD/P/Mini-projeto/115304/Bin2BCD.vhd                ;         ;
; lpm_divide.tdf                   ; yes             ; Megafunction                 ; c:/quartu_prime_lite/quartus/libraries/megafunctions/lpm_divide.tdf                                                               ;         ;
; abs_divider.inc                  ; yes             ; Megafunction                 ; c:/quartu_prime_lite/quartus/libraries/megafunctions/abs_divider.inc                                                              ;         ;
; sign_div_unsign.inc              ; yes             ; Megafunction                 ; c:/quartu_prime_lite/quartus/libraries/megafunctions/sign_div_unsign.inc                                                          ;         ;
; aglobal201.inc                   ; yes             ; Megafunction                 ; c:/quartu_prime_lite/quartus/libraries/megafunctions/aglobal201.inc                                                               ;         ;
; db/lpm_divide_m9m.tdf            ; yes             ; Auto-Generated Megafunction  ; C:/Users/pedro/OneDrive - Universidade de Aveiro/Universidade/1ano/2semestre/LSD/P/Mini-projeto/115304/db/lpm_divide_m9m.tdf      ;         ;
; db/sign_div_unsign_bkh.tdf       ; yes             ; Auto-Generated Megafunction  ; C:/Users/pedro/OneDrive - Universidade de Aveiro/Universidade/1ano/2semestre/LSD/P/Mini-projeto/115304/db/sign_div_unsign_bkh.tdf ;         ;
; db/alt_u_div_a4f.tdf             ; yes             ; Auto-Generated Megafunction  ; C:/Users/pedro/OneDrive - Universidade de Aveiro/Universidade/1ano/2semestre/LSD/P/Mini-projeto/115304/db/alt_u_div_a4f.tdf       ;         ;
; db/add_sub_7pc.tdf               ; yes             ; Auto-Generated Megafunction  ; C:/Users/pedro/OneDrive - Universidade de Aveiro/Universidade/1ano/2semestre/LSD/P/Mini-projeto/115304/db/add_sub_7pc.tdf         ;         ;
; db/add_sub_8pc.tdf               ; yes             ; Auto-Generated Megafunction  ; C:/Users/pedro/OneDrive - Universidade de Aveiro/Universidade/1ano/2semestre/LSD/P/Mini-projeto/115304/db/add_sub_8pc.tdf         ;         ;
; db/lpm_divide_hhm.tdf            ; yes             ; Auto-Generated Megafunction  ; C:/Users/pedro/OneDrive - Universidade de Aveiro/Universidade/1ano/2semestre/LSD/P/Mini-projeto/115304/db/lpm_divide_hhm.tdf      ;         ;
; db/sign_div_unsign_9kh.tdf       ; yes             ; Auto-Generated Megafunction  ; C:/Users/pedro/OneDrive - Universidade de Aveiro/Universidade/1ano/2semestre/LSD/P/Mini-projeto/115304/db/sign_div_unsign_9kh.tdf ;         ;
; db/alt_u_div_64f.tdf             ; yes             ; Auto-Generated Megafunction  ; C:/Users/pedro/OneDrive - Universidade de Aveiro/Universidade/1ano/2semestre/LSD/P/Mini-projeto/115304/db/alt_u_div_64f.tdf       ;         ;
; db/lpm_divide_qcm.tdf            ; yes             ; Auto-Generated Megafunction  ; C:/Users/pedro/OneDrive - Universidade de Aveiro/Universidade/1ano/2semestre/LSD/P/Mini-projeto/115304/db/lpm_divide_qcm.tdf      ;         ;
; db/sign_div_unsign_fnh.tdf       ; yes             ; Auto-Generated Megafunction  ; C:/Users/pedro/OneDrive - Universidade de Aveiro/Universidade/1ano/2semestre/LSD/P/Mini-projeto/115304/db/sign_div_unsign_fnh.tdf ;         ;
; db/alt_u_div_iaf.tdf             ; yes             ; Auto-Generated Megafunction  ; C:/Users/pedro/OneDrive - Universidade de Aveiro/Universidade/1ano/2semestre/LSD/P/Mini-projeto/115304/db/alt_u_div_iaf.tdf       ;         ;
+----------------------------------+-----------------+------------------------------+-----------------------------------------------------------------------------------------------------------------------------------+---------+


+--------------------------------------------------------------+
; Analysis & Synthesis Resource Usage Summary                  ;
+---------------------------------------------+----------------+
; Resource                                    ; Usage          ;
+---------------------------------------------+----------------+
; Estimated Total logic elements              ; 307            ;
;                                             ;                ;
; Total combinational functions               ; 305            ;
; Logic element usage by number of LUT inputs ;                ;
;     -- 4 input functions                    ; 76             ;
;     -- 3 input functions                    ; 52             ;
;     -- <=2 input functions                  ; 177            ;
;                                             ;                ;
; Logic elements by mode                      ;                ;
;     -- normal mode                          ; 189            ;
;     -- arithmetic mode                      ; 116            ;
;                                             ;                ;
; Total registers                             ; 86             ;
;     -- Dedicated logic registers            ; 86             ;
;     -- I/O registers                        ; 0              ;
;                                             ;                ;
; I/O pins                                    ; 19             ;
;                                             ;                ;
; Embedded Multiplier 9-bit elements          ; 0              ;
;                                             ;                ;
; Maximum fan-out node                        ; CLOCK_50~input ;
; Maximum fan-out                             ; 86             ;
; Total fan-out                               ; 1070           ;
; Average fan-out                             ; 2.49           ;
+---------------------------------------------+----------------+


+--------------------------------------------------------------------------------------------------------------------------------------------------------------------------------------------------------------------------------------------------------------------------------------------------------------------------------------------------+
; Analysis & Synthesis Resource Utilization by Entity                                                                                                                                                                                                                                                                                              ;
+-------------------------------------------+---------------------+---------------------------+-------------+--------------+---------+-----------+------+--------------+--------------------------------------------------------------------------------------------------------------------------------------+---------------------+--------------+
; Compilation Hierarchy Node                ; Combinational ALUTs ; Dedicated Logic Registers ; Memory Bits ; DSP Elements ; DSP 9x9 ; DSP 18x18 ; Pins ; Virtual Pins ; Full Hierarchy Name                                                                                                                  ; Entity Name         ; Library Name ;
+-------------------------------------------+---------------------+---------------------------+-------------+--------------+---------+-----------+------+--------------+--------------------------------------------------------------------------------------------------------------------------------------+---------------------+--------------+
; |TimerDemo                                ; 305 (0)             ; 86 (0)                    ; 0           ; 0            ; 0       ; 0         ; 19   ; 0            ; |TimerDemo                                                                                                                           ; TimerDemo           ; work         ;
;    |Bin2BCD:bin_to_BCD|                   ; 66 (0)              ; 0 (0)                     ; 0           ; 0            ; 0       ; 0         ; 0    ; 0            ; |TimerDemo|Bin2BCD:bin_to_BCD                                                                                                        ; Bin2BCD             ; work         ;
;       |lpm_divide:Div0|                   ; 30 (0)              ; 0 (0)                     ; 0           ; 0            ; 0       ; 0         ; 0    ; 0            ; |TimerDemo|Bin2BCD:bin_to_BCD|lpm_divide:Div0                                                                                        ; lpm_divide          ; work         ;
;          |lpm_divide_hhm:auto_generated|  ; 30 (0)              ; 0 (0)                     ; 0           ; 0            ; 0       ; 0         ; 0    ; 0            ; |TimerDemo|Bin2BCD:bin_to_BCD|lpm_divide:Div0|lpm_divide_hhm:auto_generated                                                          ; lpm_divide_hhm      ; work         ;
;             |sign_div_unsign_9kh:divider| ; 30 (0)              ; 0 (0)                     ; 0           ; 0            ; 0       ; 0         ; 0    ; 0            ; |TimerDemo|Bin2BCD:bin_to_BCD|lpm_divide:Div0|lpm_divide_hhm:auto_generated|sign_div_unsign_9kh:divider                              ; sign_div_unsign_9kh ; work         ;
;                |alt_u_div_64f:divider|    ; 30 (30)             ; 0 (0)                     ; 0           ; 0            ; 0       ; 0         ; 0    ; 0            ; |TimerDemo|Bin2BCD:bin_to_BCD|lpm_divide:Div0|lpm_divide_hhm:auto_generated|sign_div_unsign_9kh:divider|alt_u_div_64f:divider        ; alt_u_div_64f       ; work         ;
;       |lpm_divide:Mod0|                   ; 36 (0)              ; 0 (0)                     ; 0           ; 0            ; 0       ; 0         ; 0    ; 0            ; |TimerDemo|Bin2BCD:bin_to_BCD|lpm_divide:Mod0                                                                                        ; lpm_divide          ; work         ;
;          |lpm_divide_m9m:auto_generated|  ; 36 (0)              ; 0 (0)                     ; 0           ; 0            ; 0       ; 0         ; 0    ; 0            ; |TimerDemo|Bin2BCD:bin_to_BCD|lpm_divide:Mod0|lpm_divide_m9m:auto_generated                                                          ; lpm_divide_m9m      ; work         ;
;             |sign_div_unsign_bkh:divider| ; 36 (0)              ; 0 (0)                     ; 0           ; 0            ; 0       ; 0         ; 0    ; 0            ; |TimerDemo|Bin2BCD:bin_to_BCD|lpm_divide:Mod0|lpm_divide_m9m:auto_generated|sign_div_unsign_bkh:divider                              ; sign_div_unsign_bkh ; work         ;
;                |alt_u_div_a4f:divider|    ; 36 (36)             ; 0 (0)                     ; 0           ; 0            ; 0       ; 0         ; 0    ; 0            ; |TimerDemo|Bin2BCD:bin_to_BCD|lpm_divide:Mod0|lpm_divide_m9m:auto_generated|sign_div_unsign_bkh:divider|alt_u_div_a4f:divider        ; alt_u_div_a4f       ; work         ;
;    |Bin7SegDecoder:dezen_7seg|            ; 7 (7)               ; 0 (0)                     ; 0           ; 0            ; 0       ; 0         ; 0    ; 0            ; |TimerDemo|Bin7SegDecoder:dezen_7seg                                                                                                 ; Bin7SegDecoder      ; work         ;
;    |Bin7SegDecoder:unid_7seg|             ; 7 (7)               ; 0 (0)                     ; 0           ; 0            ; 0       ; 0         ; 0    ; 0            ; |TimerDemo|Bin7SegDecoder:unid_7seg                                                                                                  ; Bin7SegDecoder      ; work         ;
;    |DebounceUnit:ResetDebounce|           ; 68 (68)             ; 26 (26)                   ; 0           ; 0            ; 0       ; 0         ; 0    ; 0            ; |TimerDemo|DebounceUnit:ResetDebounce                                                                                                ; DebounceUnit        ; work         ;
;    |DebounceUnit:StartStopDebounce|       ; 68 (68)             ; 26 (26)                   ; 0           ; 0            ; 0       ; 0         ; 0    ; 0            ; |TimerDemo|DebounceUnit:StartStopDebounce                                                                                            ; DebounceUnit        ; work         ;
;    |PulseGeneratorN:pulse_gen|            ; 55 (35)             ; 26 (26)                   ; 0           ; 0            ; 0       ; 0         ; 0    ; 0            ; |TimerDemo|PulseGeneratorN:pulse_gen                                                                                                 ; PulseGeneratorN     ; work         ;
;       |lpm_divide:Mod0|                   ; 20 (0)              ; 0 (0)                     ; 0           ; 0            ; 0       ; 0         ; 0    ; 0            ; |TimerDemo|PulseGeneratorN:pulse_gen|lpm_divide:Mod0                                                                                 ; lpm_divide          ; work         ;
;          |lpm_divide_qcm:auto_generated|  ; 20 (0)              ; 0 (0)                     ; 0           ; 0            ; 0       ; 0         ; 0    ; 0            ; |TimerDemo|PulseGeneratorN:pulse_gen|lpm_divide:Mod0|lpm_divide_qcm:auto_generated                                                   ; lpm_divide_qcm      ; work         ;
;             |sign_div_unsign_fnh:divider| ; 20 (0)              ; 0 (0)                     ; 0           ; 0            ; 0       ; 0         ; 0    ; 0            ; |TimerDemo|PulseGeneratorN:pulse_gen|lpm_divide:Mod0|lpm_divide_qcm:auto_generated|sign_div_unsign_fnh:divider                       ; sign_div_unsign_fnh ; work         ;
;                |alt_u_div_iaf:divider|    ; 20 (20)             ; 0 (0)                     ; 0           ; 0            ; 0       ; 0         ; 0    ; 0            ; |TimerDemo|PulseGeneratorN:pulse_gen|lpm_divide:Mod0|lpm_divide_qcm:auto_generated|sign_div_unsign_fnh:divider|alt_u_div_iaf:divider ; alt_u_div_iaf       ; work         ;
;    |Timer:timer|                          ; 34 (34)             ; 8 (8)                     ; 0           ; 0            ; 0       ; 0         ; 0    ; 0            ; |TimerDemo|Timer:timer                                                                                                               ; Timer               ; work         ;
+-------------------------------------------+---------------------+---------------------------+-------------+--------------+---------+-----------+------+--------------+--------------------------------------------------------------------------------------------------------------------------------------+---------------------+--------------+
Note: For table entries with two numbers listed, the numbers in parentheses indicate the number of resources of the given type used by the specific entity alone. The numbers listed outside of parentheses indicate the total resources of the given type used by the specific entity and all of its sub-entities in the hierarchy.


+------------------------------------------------------+
; General Register Statistics                          ;
+----------------------------------------------+-------+
; Statistic                                    ; Value ;
+----------------------------------------------+-------+
; Total registers                              ; 86    ;
; Number of registers using Synchronous Clear  ; 26    ;
; Number of registers using Synchronous Load   ; 0     ;
; Number of registers using Asynchronous Clear ; 0     ;
; Number of registers using Asynchronous Load  ; 0     ;
; Number of registers using Clock Enable       ; 43    ;
; Number of registers using Preset             ; 0     ;
+----------------------------------------------+-------+


+--------------------------------------------------+
; Inverted Register Statistics                     ;
+----------------------------------------+---------+
; Inverted Register                      ; Fan out ;
+----------------------------------------+---------+
; Timer:timer|s_value[0]                 ; 9       ;
; Timer:timer|s_value[5]                 ; 8       ;
; Timer:timer|s_value[4]                 ; 9       ;
; Timer:timer|s_value[3]                 ; 8       ;
; Timer:timer|s_value[1]                 ; 7       ;
; Timer:timer|s_startReady               ; 1       ;
; Total number of inverted registers = 6 ;         ;
+----------------------------------------+---------+


+--------------------------------------------------------------------------------------------------------------------------------------------------------------------------+
; Multiplexer Restructuring Statistics (Restructuring Performed)                                                                                                           ;
+--------------------+-----------+---------------+----------------------+------------------------+------------+------------------------------------------------------------+
; Multiplexer Inputs ; Bus Width ; Baseline Area ; Area if Restructured ; Saving if Restructured ; Registered ; Example Multiplexer Output                                 ;
+--------------------+-----------+---------------+----------------------+------------------------+------------+------------------------------------------------------------+
; 5:1                ; 23 bits   ; 69 LEs        ; 46 LEs               ; 23 LEs                 ; Yes        ; |TimerDemo|DebounceUnit:ResetDebounce|s_debounceCnt[17]    ;
; 5:1                ; 23 bits   ; 69 LEs        ; 46 LEs               ; 23 LEs                 ; Yes        ; |TimerDemo|DebounceUnit:StartStopDebounce|s_debounceCnt[0] ;
; 4:1                ; 5 bits    ; 10 LEs        ; 5 LEs                ; 5 LEs                  ; Yes        ; |TimerDemo|Timer:timer|s_value[4]                          ;
+--------------------+-----------+---------------+----------------------+------------------------+------------+------------------------------------------------------------+


+------------------------------------------------------------------------+
; Parameter Settings for User Entity Instance: PulseGeneratorN:pulse_gen ;
+----------------+----------+--------------------------------------------+
; Parameter Name ; Value    ; Type                                       ;
+----------------+----------+--------------------------------------------+
; numbersteps    ; 50000000 ; Signed Integer                             ;
; out0compval    ; 50000000 ; Signed Integer                             ;
; out1compval    ; 4        ; Signed Integer                             ;
+----------------+----------+--------------------------------------------+
Note: In order to hide this table in the UI and the text report file, please set the "Show Parameter Settings in Synthesis Report" option in "Analysis and Synthesis Settings -> More Settings" to "Off".


+-------------------------------------------------------------------------+
; Parameter Settings for User Entity Instance: DebounceUnit:ResetDebounce ;
+----------------+-------+------------------------------------------------+
; Parameter Name ; Value ; Type                                           ;
+----------------+-------+------------------------------------------------+
; khzclkfreq     ; 50000 ; Signed Integer                                 ;
; msecmininwidth ; 100   ; Signed Integer                                 ;
; inpolarity     ; '0'   ; Enumerated                                     ;
; outpolarity    ; '1'   ; Enumerated                                     ;
+----------------+-------+------------------------------------------------+
Note: In order to hide this table in the UI and the text report file, please set the "Show Parameter Settings in Synthesis Report" option in "Analysis and Synthesis Settings -> More Settings" to "Off".


+-----------------------------------------------------------------------------+
; Parameter Settings for User Entity Instance: DebounceUnit:StartStopDebounce ;
+----------------+-------+----------------------------------------------------+
; Parameter Name ; Value ; Type                                               ;
+----------------+-------+----------------------------------------------------+
; khzclkfreq     ; 50000 ; Signed Integer                                     ;
; msecmininwidth ; 100   ; Signed Integer                                     ;
; inpolarity     ; '0'   ; Enumerated                                         ;
; outpolarity    ; '1'   ; Enumerated                                         ;
+----------------+-------+----------------------------------------------------+
Note: In order to hide this table in the UI and the text report file, please set the "Show Parameter Settings in Synthesis Report" option in "Analysis and Synthesis Settings -> More Settings" to "Off".


+----------------------------------------------------------+
; Parameter Settings for User Entity Instance: Timer:timer ;
+----------------+-------+---------------------------------+
; Parameter Name ; Value ; Type                            ;
+----------------+-------+---------------------------------+
; max            ; 59    ; Signed Integer                  ;
+----------------+-------+---------------------------------+
Note: In order to hide this table in the UI and the text report file, please set the "Show Parameter Settings in Synthesis Report" option in "Analysis and Synthesis Settings -> More Settings" to "Off".


+-----------------------------------------------------------------+
; Parameter Settings for User Entity Instance: Bin2BCD:bin_to_BCD ;
+----------------+-------+----------------------------------------+
; Parameter Name ; Value ; Type                                   ;
+----------------+-------+----------------------------------------+
; n              ; 6     ; Signed Integer                         ;
+----------------+-------+----------------------------------------+
Note: In order to hide this table in the UI and the text report file, please set the "Show Parameter Settings in Synthesis Report" option in "Analysis and Synthesis Settings -> More Settings" to "Off".


+-------------------------------------------------------------------------------------+
; Parameter Settings for Inferred Entity Instance: Bin2BCD:bin_to_BCD|lpm_divide:Mod0 ;
+------------------------+----------------+-------------------------------------------+
; Parameter Name         ; Value          ; Type                                      ;
+------------------------+----------------+-------------------------------------------+
; LPM_WIDTHN             ; 6              ; Untyped                                   ;
; LPM_WIDTHD             ; 6              ; Untyped                                   ;
; LPM_NREPRESENTATION    ; UNSIGNED       ; Untyped                                   ;
; LPM_DREPRESENTATION    ; UNSIGNED       ; Untyped                                   ;
; LPM_PIPELINE           ; 0              ; Untyped                                   ;
; LPM_REMAINDERPOSITIVE  ; TRUE           ; Untyped                                   ;
; MAXIMIZE_SPEED         ; 5              ; Untyped                                   ;
; CBXI_PARAMETER         ; lpm_divide_m9m ; Untyped                                   ;
; CARRY_CHAIN            ; MANUAL         ; Untyped                                   ;
; OPTIMIZE_FOR_SPEED     ; 5              ; Untyped                                   ;
; AUTO_CARRY_CHAINS      ; ON             ; AUTO_CARRY                                ;
; IGNORE_CARRY_BUFFERS   ; OFF            ; IGNORE_CARRY                              ;
; AUTO_CASCADE_CHAINS    ; ON             ; AUTO_CASCADE                              ;
; IGNORE_CASCADE_BUFFERS ; OFF            ; IGNORE_CASCADE                            ;
+------------------------+----------------+-------------------------------------------+
Note: In order to hide this table in the UI and the text report file, please set the "Show Parameter Settings in Synthesis Report" option in "Analysis and Synthesis Settings -> More Settings" to "Off".


+-------------------------------------------------------------------------------------+
; Parameter Settings for Inferred Entity Instance: Bin2BCD:bin_to_BCD|lpm_divide:Div0 ;
+------------------------+----------------+-------------------------------------------+
; Parameter Name         ; Value          ; Type                                      ;
+------------------------+----------------+-------------------------------------------+
; LPM_WIDTHN             ; 6              ; Untyped                                   ;
; LPM_WIDTHD             ; 4              ; Untyped                                   ;
; LPM_NREPRESENTATION    ; UNSIGNED       ; Untyped                                   ;
; LPM_DREPRESENTATION    ; UNSIGNED       ; Untyped                                   ;
; LPM_PIPELINE           ; 0              ; Untyped                                   ;
; LPM_REMAINDERPOSITIVE  ; TRUE           ; Untyped                                   ;
; MAXIMIZE_SPEED         ; 5              ; Untyped                                   ;
; CBXI_PARAMETER         ; lpm_divide_hhm ; Untyped                                   ;
; CARRY_CHAIN            ; MANUAL         ; Untyped                                   ;
; OPTIMIZE_FOR_SPEED     ; 5              ; Untyped                                   ;
; AUTO_CARRY_CHAINS      ; ON             ; AUTO_CARRY                                ;
; IGNORE_CARRY_BUFFERS   ; OFF            ; IGNORE_CARRY                              ;
; AUTO_CASCADE_CHAINS    ; ON             ; AUTO_CASCADE                              ;
; IGNORE_CASCADE_BUFFERS ; OFF            ; IGNORE_CASCADE                            ;
+------------------------+----------------+-------------------------------------------+
Note: In order to hide this table in the UI and the text report file, please set the "Show Parameter Settings in Synthesis Report" option in "Analysis and Synthesis Settings -> More Settings" to "Off".


+-------------------------------------------------------------------------------------+
; Parameter Settings for Inferred Entity Instance: Bin2BCD:bin_to_BCD|lpm_divide:Mod1 ;
+------------------------+----------------+-------------------------------------------+
; Parameter Name         ; Value          ; Type                                      ;
+------------------------+----------------+-------------------------------------------+
; LPM_WIDTHN             ; 6              ; Untyped                                   ;
; LPM_WIDTHD             ; 6              ; Untyped                                   ;
; LPM_NREPRESENTATION    ; UNSIGNED       ; Untyped                                   ;
; LPM_DREPRESENTATION    ; UNSIGNED       ; Untyped                                   ;
; LPM_PIPELINE           ; 0              ; Untyped                                   ;
; LPM_REMAINDERPOSITIVE  ; TRUE           ; Untyped                                   ;
; MAXIMIZE_SPEED         ; 5              ; Untyped                                   ;
; CBXI_PARAMETER         ; lpm_divide_m9m ; Untyped                                   ;
; CARRY_CHAIN            ; MANUAL         ; Untyped                                   ;
; OPTIMIZE_FOR_SPEED     ; 5              ; Untyped                                   ;
; AUTO_CARRY_CHAINS      ; ON             ; AUTO_CARRY                                ;
; IGNORE_CARRY_BUFFERS   ; OFF            ; IGNORE_CARRY                              ;
; AUTO_CASCADE_CHAINS    ; ON             ; AUTO_CASCADE                              ;
; IGNORE_CASCADE_BUFFERS ; OFF            ; IGNORE_CASCADE                            ;
+------------------------+----------------+-------------------------------------------+
Note: In order to hide this table in the UI and the text report file, please set the "Show Parameter Settings in Synthesis Report" option in "Analysis and Synthesis Settings -> More Settings" to "Off".


+--------------------------------------------------------------------------------------------+
; Parameter Settings for Inferred Entity Instance: PulseGeneratorN:pulse_gen|lpm_divide:Mod0 ;
+------------------------+----------------+--------------------------------------------------+
; Parameter Name         ; Value          ; Type                                             ;
+------------------------+----------------+--------------------------------------------------+
; LPM_WIDTHN             ; 26             ; Untyped                                          ;
; LPM_WIDTHD             ; 26             ; Untyped                                          ;
; LPM_NREPRESENTATION    ; UNSIGNED       ; Untyped                                          ;
; LPM_DREPRESENTATION    ; UNSIGNED       ; Untyped                                          ;
; LPM_PIPELINE           ; 0              ; Untyped                                          ;
; LPM_REMAINDERPOSITIVE  ; TRUE           ; Untyped                                          ;
; MAXIMIZE_SPEED         ; 5              ; Untyped                                          ;
; CBXI_PARAMETER         ; lpm_divide_qcm ; Untyped                                          ;
; CARRY_CHAIN            ; MANUAL         ; Untyped                                          ;
; OPTIMIZE_FOR_SPEED     ; 5              ; Untyped                                          ;
; AUTO_CARRY_CHAINS      ; ON             ; AUTO_CARRY                                       ;
; IGNORE_CARRY_BUFFERS   ; OFF            ; IGNORE_CARRY                                     ;
; AUTO_CASCADE_CHAINS    ; ON             ; AUTO_CASCADE                                     ;
; IGNORE_CASCADE_BUFFERS ; OFF            ; IGNORE_CASCADE                                   ;
+------------------------+----------------+--------------------------------------------------+
Note: In order to hide this table in the UI and the text report file, please set the "Show Parameter Settings in Synthesis Report" option in "Analysis and Synthesis Settings -> More Settings" to "Off".


+-------------------------------------------------------+
; Port Connectivity Checks: "Bin7SegDecoder:dezen_7seg" ;
+--------+-------+----------+---------------------------+
; Port   ; Type  ; Severity ; Details                   ;
+--------+-------+----------+---------------------------+
; enable ; Input ; Info     ; Stuck at VCC              ;
+--------+-------+----------+---------------------------+


+------------------------------------------------------+
; Port Connectivity Checks: "Bin7SegDecoder:unid_7seg" ;
+--------+-------+----------+--------------------------+
; Port   ; Type  ; Severity ; Details                  ;
+--------+-------+----------+--------------------------+
; enable ; Input ; Info     ; Stuck at VCC             ;
+--------+-------+----------+--------------------------+


+----------------------------------------------------------------------------------------------------------------+
; Port Connectivity Checks: "Bin2BCD:bin_to_BCD"                                                                 ;
+------+--------+----------+-------------------------------------------------------------------------------------+
; Port ; Type   ; Severity ; Details                                                                             ;
+------+--------+----------+-------------------------------------------------------------------------------------+
; cent ; Output ; Info     ; Connected to dangling logic. Logic that only feeds a dangling port will be removed. ;
+------+--------+----------+-------------------------------------------------------------------------------------+


+---------------------------------------------------------------------------------------------------------------------+
; Port Connectivity Checks: "PulseGeneratorN:pulse_gen"                                                               ;
+-----------+--------+----------+-------------------------------------------------------------------------------------+
; Port      ; Type   ; Severity ; Details                                                                             ;
+-----------+--------+----------+-------------------------------------------------------------------------------------+
; pulseout1 ; Output ; Info     ; Connected to dangling logic. Logic that only feeds a dangling port will be removed. ;
+-----------+--------+----------+-------------------------------------------------------------------------------------+


+-----------------------------------------------------+
; Post-Synthesis Netlist Statistics for Top Partition ;
+-----------------------+-----------------------------+
; Type                  ; Count                       ;
+-----------------------+-----------------------------+
; boundary_port         ; 19                          ;
; cycloneiii_ff         ; 86                          ;
;     ENA               ; 43                          ;
;     SCLR              ; 26                          ;
;     plain             ; 17                          ;
; cycloneiii_lcell_comb ; 308                         ;
;     arith             ; 116                         ;
;         2 data inputs ; 99                          ;
;         3 data inputs ; 17                          ;
;     normal            ; 192                         ;
;         0 data inputs ; 7                           ;
;         1 data inputs ; 9                           ;
;         2 data inputs ; 65                          ;
;         3 data inputs ; 35                          ;
;         4 data inputs ; 76                          ;
;                       ;                             ;
; Max LUT depth         ; 9.20                        ;
; Average LUT depth     ; 5.67                        ;
+-----------------------+-----------------------------+


+-------------------------------+
; Elapsed Time Per Partition    ;
+----------------+--------------+
; Partition Name ; Elapsed Time ;
+----------------+--------------+
; Top            ; 00:00:01     ;
+----------------+--------------+


+-------------------------------+
; Analysis & Synthesis Messages ;
+-------------------------------+
Info: *******************************************************************
Info: Running Quartus Prime Analysis & Synthesis
    Info: Version 20.1.1 Build 720 11/11/2020 SJ Lite Edition
    Info: Processing started: Tue Apr 18 18:46:36 2023
Info: Command: quartus_map --read_settings_files=on --write_settings_files=off TimerDemo -c TimerDemo
Warning (18236): Number of processors has not been specified which may cause overloading on shared machines.  Set the global assignment NUM_PARALLEL_PROCESSORS in your QSF to an appropriate value for best performance.
Info (20030): Parallel compilation is enabled and will use 14 of the 14 processors detected
Info (12021): Found 2 design units, including 1 entities, in source file timer.vhd
    Info (12022): Found design unit 1: Timer-Behavioral File: C:/Users/pedro/OneDrive - Universidade de Aveiro/Universidade/1ano/2semestre/LSD/P/Mini-projeto/115304/Timer.vhd Line: 19
    Info (12023): Found entity 1: Timer File: C:/Users/pedro/OneDrive - Universidade de Aveiro/Universidade/1ano/2semestre/LSD/P/Mini-projeto/115304/Timer.vhd Line: 8
Info (12021): Found 2 design units, including 1 entities, in source file timerdemo.vhd
    Info (12022): Found design unit 1: TimerDemo-Structural File: C:/Users/pedro/OneDrive - Universidade de Aveiro/Universidade/1ano/2semestre/LSD/P/Mini-projeto/115304/TimerDemo.vhd Line: 13
    Info (12023): Found entity 1: TimerDemo File: C:/Users/pedro/OneDrive - Universidade de Aveiro/Universidade/1ano/2semestre/LSD/P/Mini-projeto/115304/TimerDemo.vhd Line: 4
Info (12021): Found 2 design units, including 1 entities, in source file pulsegeneratorn.vhd
    Info (12022): Found design unit 1: PulseGeneratorN-Behavioral File: C:/Users/pedro/OneDrive - Universidade de Aveiro/Universidade/1ano/2semestre/LSD/P/Mini-projeto/115304/PulseGeneratorN.vhd Line: 14
    Info (12023): Found entity 1: PulseGeneratorN File: C:/Users/pedro/OneDrive - Universidade de Aveiro/Universidade/1ano/2semestre/LSD/P/Mini-projeto/115304/PulseGeneratorN.vhd Line: 5
Info (12021): Found 2 design units, including 1 entities, in source file debounceunit.vhd
    Info (12022): Found design unit 1: DebounceUnit-Behavioral File: C:/Users/pedro/OneDrive - Universidade de Aveiro/Universidade/1ano/2semestre/LSD/P/Mini-projeto/115304/DebounceUnit.vhd Line: 15
    Info (12023): Found entity 1: DebounceUnit File: C:/Users/pedro/OneDrive - Universidade de Aveiro/Universidade/1ano/2semestre/LSD/P/Mini-projeto/115304/DebounceUnit.vhd Line: 5
Info (12021): Found 2 design units, including 1 entities, in source file bin7segdecoder.vhd
    Info (12022): Found design unit 1: Bin7SegDecoder-RTL File: C:/Users/pedro/OneDrive - Universidade de Aveiro/Universidade/1ano/2semestre/LSD/P/Mini-projeto/115304/Bin7SegDecoder.vhd Line: 10
    Info (12023): Found entity 1: Bin7SegDecoder File: C:/Users/pedro/OneDrive - Universidade de Aveiro/Universidade/1ano/2semestre/LSD/P/Mini-projeto/115304/Bin7SegDecoder.vhd Line: 4
Info (12021): Found 2 design units, including 1 entities, in source file bin2bcd.vhd
    Info (12022): Found design unit 1: Bin2BCD-Behavioral File: C:/Users/pedro/OneDrive - Universidade de Aveiro/Universidade/1ano/2semestre/LSD/P/Mini-projeto/115304/Bin2BCD.vhd Line: 12
    Info (12023): Found entity 1: Bin2BCD File: C:/Users/pedro/OneDrive - Universidade de Aveiro/Universidade/1ano/2semestre/LSD/P/Mini-projeto/115304/Bin2BCD.vhd Line: 5
Info (12127): Elaborating entity "TimerDemo" for the top level hierarchy
Info (12129): Elaborating entity "PulseGeneratorN" using architecture "A:behavioral" for hierarchy "PulseGeneratorN:pulse_gen" File: C:/Users/pedro/OneDrive - Universidade de Aveiro/Universidade/1ano/2semestre/LSD/P/Mini-projeto/115304/TimerDemo.vhd Line: 28
Info (12129): Elaborating entity "DebounceUnit" using architecture "A:behavioral" for hierarchy "DebounceUnit:ResetDebounce" File: C:/Users/pedro/OneDrive - Universidade de Aveiro/Universidade/1ano/2semestre/LSD/P/Mini-projeto/115304/TimerDemo.vhd Line: 37
Info (12129): Elaborating entity "Timer" using architecture "A:behavioral" for hierarchy "Timer:timer" File: C:/Users/pedro/OneDrive - Universidade de Aveiro/Universidade/1ano/2semestre/LSD/P/Mini-projeto/115304/TimerDemo.vhd Line: 57
Info (12129): Elaborating entity "Bin2BCD" using architecture "A:behavioral" for hierarchy "Bin2BCD:bin_to_BCD" File: C:/Users/pedro/OneDrive - Universidade de Aveiro/Universidade/1ano/2semestre/LSD/P/Mini-projeto/115304/TimerDemo.vhd Line: 69
Warning (10492): VHDL Process Statement warning at Bin2BCD.vhd(21): signal "s_Unid" is read inside the Process Statement but isn't in the Process Statement's sensitivity list File: C:/Users/pedro/OneDrive - Universidade de Aveiro/Universidade/1ano/2semestre/LSD/P/Mini-projeto/115304/Bin2BCD.vhd Line: 21
Warning (10492): VHDL Process Statement warning at Bin2BCD.vhd(22): signal "s_Dezen" is read inside the Process Statement but isn't in the Process Statement's sensitivity list File: C:/Users/pedro/OneDrive - Universidade de Aveiro/Universidade/1ano/2semestre/LSD/P/Mini-projeto/115304/Bin2BCD.vhd Line: 22
Warning (10492): VHDL Process Statement warning at Bin2BCD.vhd(23): signal "s_Cent" is read inside the Process Statement but isn't in the Process Statement's sensitivity list File: C:/Users/pedro/OneDrive - Universidade de Aveiro/Universidade/1ano/2semestre/LSD/P/Mini-projeto/115304/Bin2BCD.vhd Line: 23
Info (12129): Elaborating entity "Bin7SegDecoder" using architecture "A:rtl" for hierarchy "Bin7SegDecoder:unid_7seg" File: C:/Users/pedro/OneDrive - Universidade de Aveiro/Universidade/1ano/2semestre/LSD/P/Mini-projeto/115304/TimerDemo.vhd Line: 76
Info (278001): Inferred 4 megafunctions from design logic
    Info (278004): Inferred divider/modulo megafunction ("lpm_divide") from the following logic: "Bin2BCD:bin_to_BCD|Mod0" File: C:/Users/pedro/OneDrive - Universidade de Aveiro/Universidade/1ano/2semestre/LSD/P/Mini-projeto/115304/Bin2BCD.vhd Line: 17
    Info (278004): Inferred divider/modulo megafunction ("lpm_divide") from the following logic: "Bin2BCD:bin_to_BCD|Div0" File: C:/Users/pedro/OneDrive - Universidade de Aveiro/Universidade/1ano/2semestre/LSD/P/Mini-projeto/115304/Bin2BCD.vhd Line: 18
    Info (278004): Inferred divider/modulo megafunction ("lpm_divide") from the following logic: "Bin2BCD:bin_to_BCD|Mod1" File: C:/Users/pedro/OneDrive - Universidade de Aveiro/Universidade/1ano/2semestre/LSD/P/Mini-projeto/115304/Bin2BCD.vhd Line: 18
    Info (278004): Inferred divider/modulo megafunction ("lpm_divide") from the following logic: "PulseGeneratorN:pulse_gen|Mod0" File: C:/Users/pedro/OneDrive - Universidade de Aveiro/Universidade/1ano/2semestre/LSD/P/Mini-projeto/115304/PulseGeneratorN.vhd Line: 32
Info (12130): Elaborated megafunction instantiation "Bin2BCD:bin_to_BCD|lpm_divide:Mod0" File: C:/Users/pedro/OneDrive - Universidade de Aveiro/Universidade/1ano/2semestre/LSD/P/Mini-projeto/115304/Bin2BCD.vhd Line: 17
Info (12133): Instantiated megafunction "Bin2BCD:bin_to_BCD|lpm_divide:Mod0" with the following parameter: File: C:/Users/pedro/OneDrive - Universidade de Aveiro/Universidade/1ano/2semestre/LSD/P/Mini-projeto/115304/Bin2BCD.vhd Line: 17
    Info (12134): Parameter "LPM_WIDTHN" = "6"
    Info (12134): Parameter "LPM_WIDTHD" = "6"
    Info (12134): Parameter "LPM_NREPRESENTATION" = "UNSIGNED"
    Info (12134): Parameter "LPM_DREPRESENTATION" = "UNSIGNED"
Info (12021): Found 1 design units, including 1 entities, in source file db/lpm_divide_m9m.tdf
    Info (12023): Found entity 1: lpm_divide_m9m File: C:/Users/pedro/OneDrive - Universidade de Aveiro/Universidade/1ano/2semestre/LSD/P/Mini-projeto/115304/db/lpm_divide_m9m.tdf Line: 25
Info (12021): Found 1 design units, including 1 entities, in source file db/sign_div_unsign_bkh.tdf
    Info (12023): Found entity 1: sign_div_unsign_bkh File: C:/Users/pedro/OneDrive - Universidade de Aveiro/Universidade/1ano/2semestre/LSD/P/Mini-projeto/115304/db/sign_div_unsign_bkh.tdf Line: 25
Info (12021): Found 1 design units, including 1 entities, in source file db/alt_u_div_a4f.tdf
    Info (12023): Found entity 1: alt_u_div_a4f File: C:/Users/pedro/OneDrive - Universidade de Aveiro/Universidade/1ano/2semestre/LSD/P/Mini-projeto/115304/db/alt_u_div_a4f.tdf Line: 27
Info (12021): Found 1 design units, including 1 entities, in source file db/add_sub_7pc.tdf
    Info (12023): Found entity 1: add_sub_7pc File: C:/Users/pedro/OneDrive - Universidade de Aveiro/Universidade/1ano/2semestre/LSD/P/Mini-projeto/115304/db/add_sub_7pc.tdf Line: 23
Info (12021): Found 1 design units, including 1 entities, in source file db/add_sub_8pc.tdf
    Info (12023): Found entity 1: add_sub_8pc File: C:/Users/pedro/OneDrive - Universidade de Aveiro/Universidade/1ano/2semestre/LSD/P/Mini-projeto/115304/db/add_sub_8pc.tdf Line: 23
Info (12130): Elaborated megafunction instantiation "Bin2BCD:bin_to_BCD|lpm_divide:Div0" File: C:/Users/pedro/OneDrive - Universidade de Aveiro/Universidade/1ano/2semestre/LSD/P/Mini-projeto/115304/Bin2BCD.vhd Line: 18
Info (12133): Instantiated megafunction "Bin2BCD:bin_to_BCD|lpm_divide:Div0" with the following parameter: File: C:/Users/pedro/OneDrive - Universidade de Aveiro/Universidade/1ano/2semestre/LSD/P/Mini-projeto/115304/Bin2BCD.vhd Line: 18
    Info (12134): Parameter "LPM_WIDTHN" = "6"
    Info (12134): Parameter "LPM_WIDTHD" = "4"
    Info (12134): Parameter "LPM_NREPRESENTATION" = "UNSIGNED"
    Info (12134): Parameter "LPM_DREPRESENTATION" = "UNSIGNED"
Info (12021): Found 1 design units, including 1 entities, in source file db/lpm_divide_hhm.tdf
    Info (12023): Found entity 1: lpm_divide_hhm File: C:/Users/pedro/OneDrive - Universidade de Aveiro/Universidade/1ano/2semestre/LSD/P/Mini-projeto/115304/db/lpm_divide_hhm.tdf Line: 25
Info (12021): Found 1 design units, including 1 entities, in source file db/sign_div_unsign_9kh.tdf
    Info (12023): Found entity 1: sign_div_unsign_9kh File: C:/Users/pedro/OneDrive - Universidade de Aveiro/Universidade/1ano/2semestre/LSD/P/Mini-projeto/115304/db/sign_div_unsign_9kh.tdf Line: 25
Info (12021): Found 1 design units, including 1 entities, in source file db/alt_u_div_64f.tdf
    Info (12023): Found entity 1: alt_u_div_64f File: C:/Users/pedro/OneDrive - Universidade de Aveiro/Universidade/1ano/2semestre/LSD/P/Mini-projeto/115304/db/alt_u_div_64f.tdf Line: 27
Info (12130): Elaborated megafunction instantiation "PulseGeneratorN:pulse_gen|lpm_divide:Mod0" File: C:/Users/pedro/OneDrive - Universidade de Aveiro/Universidade/1ano/2semestre/LSD/P/Mini-projeto/115304/PulseGeneratorN.vhd Line: 32
Info (12133): Instantiated megafunction "PulseGeneratorN:pulse_gen|lpm_divide:Mod0" with the following parameter: File: C:/Users/pedro/OneDrive - Universidade de Aveiro/Universidade/1ano/2semestre/LSD/P/Mini-projeto/115304/PulseGeneratorN.vhd Line: 32
    Info (12134): Parameter "LPM_WIDTHN" = "26"
    Info (12134): Parameter "LPM_WIDTHD" = "26"
    Info (12134): Parameter "LPM_NREPRESENTATION" = "UNSIGNED"
    Info (12134): Parameter "LPM_DREPRESENTATION" = "UNSIGNED"
Info (12021): Found 1 design units, including 1 entities, in source file db/lpm_divide_qcm.tdf
    Info (12023): Found entity 1: lpm_divide_qcm File: C:/Users/pedro/OneDrive - Universidade de Aveiro/Universidade/1ano/2semestre/LSD/P/Mini-projeto/115304/db/lpm_divide_qcm.tdf Line: 25
Info (12021): Found 1 design units, including 1 entities, in source file db/sign_div_unsign_fnh.tdf
    Info (12023): Found entity 1: sign_div_unsign_fnh File: C:/Users/pedro/OneDrive - Universidade de Aveiro/Universidade/1ano/2semestre/LSD/P/Mini-projeto/115304/db/sign_div_unsign_fnh.tdf Line: 25
Info (12021): Found 1 design units, including 1 entities, in source file db/alt_u_div_iaf.tdf
    Info (12023): Found entity 1: alt_u_div_iaf File: C:/Users/pedro/OneDrive - Universidade de Aveiro/Universidade/1ano/2semestre/LSD/P/Mini-projeto/115304/db/alt_u_div_iaf.tdf Line: 27
Info (286030): Timing-Driven Synthesis is running
Info (16010): Generating hard_block partition "hard_block:auto_generated_inst"
    Info (16011): Adding 0 node(s), including 0 DDIO, 0 PLL, 0 transceiver and 0 LCELL
Info (21057): Implemented 327 device resources after synthesis - the final resource count might be different
    Info (21058): Implemented 3 input pins
    Info (21059): Implemented 16 output pins
    Info (21061): Implemented 308 logic cells
Info: Quartus Prime Analysis & Synthesis was successful. 0 errors, 4 warnings
    Info: Peak virtual memory: 4873 megabytes
    Info: Processing ended: Tue Apr 18 18:46:46 2023
    Info: Elapsed time: 00:00:10
    Info: Total CPU time (on all processors): 00:00:04


