Analysis & Synthesis report for CounterMod12
Wed Apr 12 17:54:56 2023
Quartus Prime Version 20.1.1 Build 720 11/11/2020 SJ Lite Edition


---------------------
; Table of Contents ;
---------------------
  1. Legal Notice
  2. Analysis & Synthesis Summary
  3. Analysis & Synthesis Settings
  4. Parallel Compilation
  5. Analysis & Synthesis Source Files Read
  6. Analysis & Synthesis Resource Usage Summary
  7. Analysis & Synthesis Resource Utilization by Entity
  8. General Register Statistics
  9. Parameter Settings for User Entity Instance: ClkDividerN:clkDiv
 10. Parameter Settings for User Entity Instance: PulseGeneratorN:pulse_gen
 11. Parameter Settings for User Entity Instance: CounterN:cnt
 12. Parameter Settings for User Entity Instance: Bin2BCD:bin_to_BCD
 13. Parameter Settings for Inferred Entity Instance: Bin2BCD:bin_to_BCD|lpm_divide:Mod0
 14. Parameter Settings for Inferred Entity Instance: Bin2BCD:bin_to_BCD|lpm_divide:Div0
 15. Parameter Settings for Inferred Entity Instance: Bin2BCD:bin_to_BCD|lpm_divide:Mod1
 16. Parameter Settings for Inferred Entity Instance: PulseGeneratorN:pulse_gen|lpm_divide:Mod0
 17. Port Connectivity Checks: "Bin2BCD:bin_to_BCD"
 18. Port Connectivity Checks: "CounterN:cnt"
 19. Port Connectivity Checks: "PulseGeneratorN:pulse_gen"
 20. Post-Synthesis Netlist Statistics for Top Partition
 21. Elapsed Time Per Partition
 22. Analysis & Synthesis Messages



----------------
; Legal Notice ;
----------------
Copyright (C) 2020  Intel Corporation. All rights reserved.
Your use of Intel Corporation's design tools, logic functions 
and other software and tools, and any partner logic 
functions, and any output files from any of the foregoing 
(including device programming or simulation files), and any 
associated documentation or information are expressly subject 
to the terms and conditions of the Intel Program License 
Subscription Agreement, the Intel Quartus Prime License Agreement,
the Intel FPGA IP License Agreement, or other applicable license
agreement, including, without limitation, that your use is for
the sole purpose of programming logic devices manufactured by
Intel and sold by Intel or its authorized distributors.  Please
refer to the applicable agreement for further details, at
https://fpgasoftware.intel.com/eula.



+----------------------------------------------------------------------------------+
; Analysis & Synthesis Summary                                                     ;
+------------------------------------+---------------------------------------------+
; Analysis & Synthesis Status        ; Successful - Wed Apr 12 17:54:56 2023       ;
; Quartus Prime Version              ; 20.1.1 Build 720 11/11/2020 SJ Lite Edition ;
; Revision Name                      ; CounterMod12                                ;
; Top-level Entity Name              ; CounterMod12                                ;
; Family                             ; Cyclone IV E                                ;
; Total logic elements               ; 161                                         ;
;     Total combinational functions  ; 161                                         ;
;     Dedicated logic registers      ; 62                                          ;
; Total registers                    ; 62                                          ;
; Total pins                         ; 20                                          ;
; Total virtual pins                 ; 0                                           ;
; Total memory bits                  ; 0                                           ;
; Embedded Multiplier 9-bit elements ; 0                                           ;
; Total PLLs                         ; 0                                           ;
+------------------------------------+---------------------------------------------+


+------------------------------------------------------------------------------------------------------------+
; Analysis & Synthesis Settings                                                                              ;
+------------------------------------------------------------------+--------------------+--------------------+
; Option                                                           ; Setting            ; Default Value      ;
+------------------------------------------------------------------+--------------------+--------------------+
; Device                                                           ; EP4CE115F29C7      ;                    ;
; Top-level entity name                                            ; CounterMod12       ; CounterMod12       ;
; Family name                                                      ; Cyclone IV E       ; Cyclone V          ;
; Use smart compilation                                            ; Off                ; Off                ;
; Enable parallel Assembler and Timing Analyzer during compilation ; On                 ; On                 ;
; Enable compact report table                                      ; Off                ; Off                ;
; Restructure Multiplexers                                         ; Auto               ; Auto               ;
; Create Debugging Nodes for IP Cores                              ; Off                ; Off                ;
; Preserve fewer node names                                        ; On                 ; On                 ;
; Intel FPGA IP Evaluation Mode                                    ; Enable             ; Enable             ;
; Verilog Version                                                  ; Verilog_2001       ; Verilog_2001       ;
; VHDL Version                                                     ; VHDL_1993          ; VHDL_1993          ;
; State Machine Processing                                         ; Auto               ; Auto               ;
; Safe State Machine                                               ; Off                ; Off                ;
; Extract Verilog State Machines                                   ; On                 ; On                 ;
; Extract VHDL State Machines                                      ; On                 ; On                 ;
; Ignore Verilog initial constructs                                ; Off                ; Off                ;
; Iteration limit for constant Verilog loops                       ; 5000               ; 5000               ;
; Iteration limit for non-constant Verilog loops                   ; 250                ; 250                ;
; Add Pass-Through Logic to Inferred RAMs                          ; On                 ; On                 ;
; Infer RAMs from Raw Logic                                        ; On                 ; On                 ;
; Parallel Synthesis                                               ; On                 ; On                 ;
; DSP Block Balancing                                              ; Auto               ; Auto               ;
; NOT Gate Push-Back                                               ; On                 ; On                 ;
; Power-Up Don't Care                                              ; On                 ; On                 ;
; Remove Redundant Logic Cells                                     ; Off                ; Off                ;
; Remove Duplicate Registers                                       ; On                 ; On                 ;
; Ignore CARRY Buffers                                             ; Off                ; Off                ;
; Ignore CASCADE Buffers                                           ; Off                ; Off                ;
; Ignore GLOBAL Buffers                                            ; Off                ; Off                ;
; Ignore ROW GLOBAL Buffers                                        ; Off                ; Off                ;
; Ignore LCELL Buffers                                             ; Off                ; Off                ;
; Ignore SOFT Buffers                                              ; On                 ; On                 ;
; Limit AHDL Integers to 32 Bits                                   ; Off                ; Off                ;
; Optimization Technique                                           ; Balanced           ; Balanced           ;
; Carry Chain Length                                               ; 70                 ; 70                 ;
; Auto Carry Chains                                                ; On                 ; On                 ;
; Auto Open-Drain Pins                                             ; On                 ; On                 ;
; Perform WYSIWYG Primitive Resynthesis                            ; Off                ; Off                ;
; Auto ROM Replacement                                             ; On                 ; On                 ;
; Auto RAM Replacement                                             ; On                 ; On                 ;
; Auto DSP Block Replacement                                       ; On                 ; On                 ;
; Auto Shift Register Replacement                                  ; Auto               ; Auto               ;
; Allow Shift Register Merging across Hierarchies                  ; Auto               ; Auto               ;
; Auto Clock Enable Replacement                                    ; On                 ; On                 ;
; Strict RAM Replacement                                           ; Off                ; Off                ;
; Allow Synchronous Control Signals                                ; On                 ; On                 ;
; Force Use of Synchronous Clear Signals                           ; Off                ; Off                ;
; Auto RAM Block Balancing                                         ; On                 ; On                 ;
; Auto RAM to Logic Cell Conversion                                ; Off                ; Off                ;
; Auto Resource Sharing                                            ; Off                ; Off                ;
; Allow Any RAM Size For Recognition                               ; Off                ; Off                ;
; Allow Any ROM Size For Recognition                               ; Off                ; Off                ;
; Allow Any Shift Register Size For Recognition                    ; Off                ; Off                ;
; Use LogicLock Constraints during Resource Balancing              ; On                 ; On                 ;
; Ignore translate_off and synthesis_off directives                ; Off                ; Off                ;
; Timing-Driven Synthesis                                          ; On                 ; On                 ;
; Report Parameter Settings                                        ; On                 ; On                 ;
; Report Source Assignments                                        ; On                 ; On                 ;
; Report Connectivity Checks                                       ; On                 ; On                 ;
; Ignore Maximum Fan-Out Assignments                               ; Off                ; Off                ;
; Synchronization Register Chain Length                            ; 2                  ; 2                  ;
; Power Optimization During Synthesis                              ; Normal compilation ; Normal compilation ;
; HDL message level                                                ; Level2             ; Level2             ;
; Suppress Register Optimization Related Messages                  ; Off                ; Off                ;
; Number of Removed Registers Reported in Synthesis Report         ; 5000               ; 5000               ;
; Number of Swept Nodes Reported in Synthesis Report               ; 5000               ; 5000               ;
; Number of Inverted Registers Reported in Synthesis Report        ; 100                ; 100                ;
; Clock MUX Protection                                             ; On                 ; On                 ;
; Auto Gated Clock Conversion                                      ; Off                ; Off                ;
; Block Design Naming                                              ; Auto               ; Auto               ;
; SDC constraint protection                                        ; Off                ; Off                ;
; Synthesis Effort                                                 ; Auto               ; Auto               ;
; Shift Register Replacement - Allow Asynchronous Clear Signal     ; On                 ; On                 ;
; Pre-Mapping Resynthesis Optimization                             ; Off                ; Off                ;
; Analysis & Synthesis Message Level                               ; Medium             ; Medium             ;
; Disable Register Merging Across Hierarchies                      ; Auto               ; Auto               ;
; Resource Aware Inference For Block RAM                           ; On                 ; On                 ;
+------------------------------------------------------------------+--------------------+--------------------+


+------------------------------------------+
; Parallel Compilation                     ;
+----------------------------+-------------+
; Processors                 ; Number      ;
+----------------------------+-------------+
; Number detected on machine ; 20          ;
; Maximum allowed            ; 14          ;
;                            ;             ;
; Average used               ; 1.00        ;
; Maximum used               ; 14          ;
;                            ;             ;
; Usage by Processor         ; % Time Used ;
;     Processor 1            ; 100.0%      ;
;     Processors 2-14        ;   0.0%      ;
+----------------------------+-------------+


+---------------------------------------------------------------------------------------------------------------------------------------------------------------------------------------------------------------------------------------+
; Analysis & Synthesis Source Files Read                                                                                                                                                                                                ;
+----------------------------------+-----------------+------------------------------+-----------------------------------------------------------------------------------------------------------------------------------------+---------+
; File Name with User-Entered Path ; Used in Netlist ; File Type                    ; File Name with Absolute Path                                                                                                            ; Library ;
+----------------------------------+-----------------+------------------------------+-----------------------------------------------------------------------------------------------------------------------------------------+---------+
; CounterMod12.vhd                 ; yes             ; User VHDL File               ; C:/Users/pedro/OneDrive - Universidade de Aveiro/Universidade/1ano/2semestre/LSD/T/TP6-Mini-projeto-Contador/CounterMod12.vhd           ;         ;
; Bin7SegDecoder.vhd               ; yes             ; User VHDL File               ; C:/Users/pedro/OneDrive - Universidade de Aveiro/Universidade/1ano/2semestre/LSD/T/TP6-Mini-projeto-Contador/Bin7SegDecoder.vhd         ;         ;
; ClkDividerN.vhd                  ; yes             ; User VHDL File               ; C:/Users/pedro/OneDrive - Universidade de Aveiro/Universidade/1ano/2semestre/LSD/T/TP6-Mini-projeto-Contador/ClkDividerN.vhd            ;         ;
; PulseGeneratorN.vhd              ; yes             ; User VHDL File               ; C:/Users/pedro/OneDrive - Universidade de Aveiro/Universidade/1ano/2semestre/LSD/T/TP6-Mini-projeto-Contador/PulseGeneratorN.vhd        ;         ;
; CounterN.vhd                     ; yes             ; User VHDL File               ; C:/Users/pedro/OneDrive - Universidade de Aveiro/Universidade/1ano/2semestre/LSD/T/TP6-Mini-projeto-Contador/CounterN.vhd               ;         ;
; Bin2BCD.vhd                      ; yes             ; User VHDL File               ; C:/Users/pedro/OneDrive - Universidade de Aveiro/Universidade/1ano/2semestre/LSD/T/TP6-Mini-projeto-Contador/Bin2BCD.vhd                ;         ;
; lpm_divide.tdf                   ; yes             ; Megafunction                 ; c:/quartu_prime_lite/quartus/libraries/megafunctions/lpm_divide.tdf                                                                     ;         ;
; abs_divider.inc                  ; yes             ; Megafunction                 ; c:/quartu_prime_lite/quartus/libraries/megafunctions/abs_divider.inc                                                                    ;         ;
; sign_div_unsign.inc              ; yes             ; Megafunction                 ; c:/quartu_prime_lite/quartus/libraries/megafunctions/sign_div_unsign.inc                                                                ;         ;
; aglobal201.inc                   ; yes             ; Megafunction                 ; c:/quartu_prime_lite/quartus/libraries/megafunctions/aglobal201.inc                                                                     ;         ;
; db/lpm_divide_i9m.tdf            ; yes             ; Auto-Generated Megafunction  ; C:/Users/pedro/OneDrive - Universidade de Aveiro/Universidade/1ano/2semestre/LSD/T/TP6-Mini-projeto-Contador/db/lpm_divide_i9m.tdf      ;         ;
; db/sign_div_unsign_7kh.tdf       ; yes             ; Auto-Generated Megafunction  ; C:/Users/pedro/OneDrive - Universidade de Aveiro/Universidade/1ano/2semestre/LSD/T/TP6-Mini-projeto-Contador/db/sign_div_unsign_7kh.tdf ;         ;
; db/alt_u_div_24f.tdf             ; yes             ; Auto-Generated Megafunction  ; C:/Users/pedro/OneDrive - Universidade de Aveiro/Universidade/1ano/2semestre/LSD/T/TP6-Mini-projeto-Contador/db/alt_u_div_24f.tdf       ;         ;
; db/add_sub_7pc.tdf               ; yes             ; Auto-Generated Megafunction  ; C:/Users/pedro/OneDrive - Universidade de Aveiro/Universidade/1ano/2semestre/LSD/T/TP6-Mini-projeto-Contador/db/add_sub_7pc.tdf         ;         ;
; db/add_sub_8pc.tdf               ; yes             ; Auto-Generated Megafunction  ; C:/Users/pedro/OneDrive - Universidade de Aveiro/Universidade/1ano/2semestre/LSD/T/TP6-Mini-projeto-Contador/db/add_sub_8pc.tdf         ;         ;
; db/lpm_divide_fhm.tdf            ; yes             ; Auto-Generated Megafunction  ; C:/Users/pedro/OneDrive - Universidade de Aveiro/Universidade/1ano/2semestre/LSD/T/TP6-Mini-projeto-Contador/db/lpm_divide_fhm.tdf      ;         ;
; db/lpm_divide_qcm.tdf            ; yes             ; Auto-Generated Megafunction  ; C:/Users/pedro/OneDrive - Universidade de Aveiro/Universidade/1ano/2semestre/LSD/T/TP6-Mini-projeto-Contador/db/lpm_divide_qcm.tdf      ;         ;
; db/sign_div_unsign_fnh.tdf       ; yes             ; Auto-Generated Megafunction  ; C:/Users/pedro/OneDrive - Universidade de Aveiro/Universidade/1ano/2semestre/LSD/T/TP6-Mini-projeto-Contador/db/sign_div_unsign_fnh.tdf ;         ;
; db/alt_u_div_iaf.tdf             ; yes             ; Auto-Generated Megafunction  ; C:/Users/pedro/OneDrive - Universidade de Aveiro/Universidade/1ano/2semestre/LSD/T/TP6-Mini-projeto-Contador/db/alt_u_div_iaf.tdf       ;         ;
+----------------------------------+-----------------+------------------------------+-----------------------------------------------------------------------------------------------------------------------------------------+---------+


+--------------------------------------------------------------+
; Analysis & Synthesis Resource Usage Summary                  ;
+---------------------------------------------+----------------+
; Resource                                    ; Usage          ;
+---------------------------------------------+----------------+
; Estimated Total logic elements              ; 161            ;
;                                             ;                ;
; Total combinational functions               ; 161            ;
; Logic element usage by number of LUT inputs ;                ;
;     -- 4 input functions                    ; 43             ;
;     -- 3 input functions                    ; 6              ;
;     -- <=2 input functions                  ; 112            ;
;                                             ;                ;
; Logic elements by mode                      ;                ;
;     -- normal mode                          ; 81             ;
;     -- arithmetic mode                      ; 80             ;
;                                             ;                ;
; Total registers                             ; 62             ;
;     -- Dedicated logic registers            ; 62             ;
;     -- I/O registers                        ; 0              ;
;                                             ;                ;
; I/O pins                                    ; 20             ;
;                                             ;                ;
; Embedded Multiplier 9-bit elements          ; 0              ;
;                                             ;                ;
; Maximum fan-out node                        ; CLOCK_50~input ;
; Maximum fan-out                             ; 62             ;
; Total fan-out                               ; 595            ;
; Average fan-out                             ; 2.26           ;
+---------------------------------------------+----------------+


+-----------------------------------------------------------------------------------------------------------------------------------------------------------------------------------------------------------------------------------------------------------------------------------------------------------------------------------------------------+
; Analysis & Synthesis Resource Utilization by Entity                                                                                                                                                                                                                                                                                                 ;
+-------------------------------------------+---------------------+---------------------------+-------------+--------------+---------+-----------+------+--------------+-----------------------------------------------------------------------------------------------------------------------------------------+---------------------+--------------+
; Compilation Hierarchy Node                ; Combinational ALUTs ; Dedicated Logic Registers ; Memory Bits ; DSP Elements ; DSP 9x9 ; DSP 18x18 ; Pins ; Virtual Pins ; Full Hierarchy Name                                                                                                                     ; Entity Name         ; Library Name ;
+-------------------------------------------+---------------------+---------------------------+-------------+--------------+---------+-----------+------+--------------+-----------------------------------------------------------------------------------------------------------------------------------------+---------------------+--------------+
; |CounterMod12                             ; 161 (4)             ; 62 (0)                    ; 0           ; 0            ; 0       ; 0         ; 20   ; 0            ; |CounterMod12                                                                                                                           ; CounterMod12        ; work         ;
;    |Bin2BCD:bin_to_BCD|                   ; 11 (0)              ; 0 (0)                     ; 0           ; 0            ; 0       ; 0         ; 0    ; 0            ; |CounterMod12|Bin2BCD:bin_to_BCD                                                                                                        ; Bin2BCD             ; work         ;
;       |lpm_divide:Div0|                   ; 4 (0)               ; 0 (0)                     ; 0           ; 0            ; 0       ; 0         ; 0    ; 0            ; |CounterMod12|Bin2BCD:bin_to_BCD|lpm_divide:Div0                                                                                        ; lpm_divide          ; work         ;
;          |lpm_divide_fhm:auto_generated|  ; 4 (0)               ; 0 (0)                     ; 0           ; 0            ; 0       ; 0         ; 0    ; 0            ; |CounterMod12|Bin2BCD:bin_to_BCD|lpm_divide:Div0|lpm_divide_fhm:auto_generated                                                          ; lpm_divide_fhm      ; work         ;
;             |sign_div_unsign_7kh:divider| ; 4 (0)               ; 0 (0)                     ; 0           ; 0            ; 0       ; 0         ; 0    ; 0            ; |CounterMod12|Bin2BCD:bin_to_BCD|lpm_divide:Div0|lpm_divide_fhm:auto_generated|sign_div_unsign_7kh:divider                              ; sign_div_unsign_7kh ; work         ;
;                |alt_u_div_24f:divider|    ; 4 (4)               ; 0 (0)                     ; 0           ; 0            ; 0       ; 0         ; 0    ; 0            ; |CounterMod12|Bin2BCD:bin_to_BCD|lpm_divide:Div0|lpm_divide_fhm:auto_generated|sign_div_unsign_7kh:divider|alt_u_div_24f:divider        ; alt_u_div_24f       ; work         ;
;       |lpm_divide:Mod0|                   ; 7 (0)               ; 0 (0)                     ; 0           ; 0            ; 0       ; 0         ; 0    ; 0            ; |CounterMod12|Bin2BCD:bin_to_BCD|lpm_divide:Mod0                                                                                        ; lpm_divide          ; work         ;
;          |lpm_divide_i9m:auto_generated|  ; 7 (0)               ; 0 (0)                     ; 0           ; 0            ; 0       ; 0         ; 0    ; 0            ; |CounterMod12|Bin2BCD:bin_to_BCD|lpm_divide:Mod0|lpm_divide_i9m:auto_generated                                                          ; lpm_divide_i9m      ; work         ;
;             |sign_div_unsign_7kh:divider| ; 7 (0)               ; 0 (0)                     ; 0           ; 0            ; 0       ; 0         ; 0    ; 0            ; |CounterMod12|Bin2BCD:bin_to_BCD|lpm_divide:Mod0|lpm_divide_i9m:auto_generated|sign_div_unsign_7kh:divider                              ; sign_div_unsign_7kh ; work         ;
;                |alt_u_div_24f:divider|    ; 7 (7)               ; 0 (0)                     ; 0           ; 0            ; 0       ; 0         ; 0    ; 0            ; |CounterMod12|Bin2BCD:bin_to_BCD|lpm_divide:Mod0|lpm_divide_i9m:auto_generated|sign_div_unsign_7kh:divider|alt_u_div_24f:divider        ; alt_u_div_24f       ; work         ;
;    |Bin7SegDecoder:dezen_7seg|            ; 1 (1)               ; 0 (0)                     ; 0           ; 0            ; 0       ; 0         ; 0    ; 0            ; |CounterMod12|Bin7SegDecoder:dezen_7seg                                                                                                 ; Bin7SegDecoder      ; work         ;
;    |Bin7SegDecoder:unid_7seg|             ; 14 (14)             ; 0 (0)                     ; 0           ; 0            ; 0       ; 0         ; 0    ; 0            ; |CounterMod12|Bin7SegDecoder:unid_7seg                                                                                                  ; Bin7SegDecoder      ; work         ;
;    |ClkDividerN:clkDiv|                   ; 57 (57)             ; 32 (32)                   ; 0           ; 0            ; 0       ; 0         ; 0    ; 0            ; |CounterMod12|ClkDividerN:clkDiv                                                                                                        ; ClkDividerN         ; work         ;
;    |CounterN:cnt|                         ; 4 (4)               ; 4 (4)                     ; 0           ; 0            ; 0       ; 0         ; 0    ; 0            ; |CounterMod12|CounterN:cnt                                                                                                              ; CounterN            ; work         ;
;    |PulseGeneratorN:pulse_gen|            ; 70 (50)             ; 26 (26)                   ; 0           ; 0            ; 0       ; 0         ; 0    ; 0            ; |CounterMod12|PulseGeneratorN:pulse_gen                                                                                                 ; PulseGeneratorN     ; work         ;
;       |lpm_divide:Mod0|                   ; 20 (0)              ; 0 (0)                     ; 0           ; 0            ; 0       ; 0         ; 0    ; 0            ; |CounterMod12|PulseGeneratorN:pulse_gen|lpm_divide:Mod0                                                                                 ; lpm_divide          ; work         ;
;          |lpm_divide_qcm:auto_generated|  ; 20 (0)              ; 0 (0)                     ; 0           ; 0            ; 0       ; 0         ; 0    ; 0            ; |CounterMod12|PulseGeneratorN:pulse_gen|lpm_divide:Mod0|lpm_divide_qcm:auto_generated                                                   ; lpm_divide_qcm      ; work         ;
;             |sign_div_unsign_fnh:divider| ; 20 (0)              ; 0 (0)                     ; 0           ; 0            ; 0       ; 0         ; 0    ; 0            ; |CounterMod12|PulseGeneratorN:pulse_gen|lpm_divide:Mod0|lpm_divide_qcm:auto_generated|sign_div_unsign_fnh:divider                       ; sign_div_unsign_fnh ; work         ;
;                |alt_u_div_iaf:divider|    ; 20 (20)             ; 0 (0)                     ; 0           ; 0            ; 0       ; 0         ; 0    ; 0            ; |CounterMod12|PulseGeneratorN:pulse_gen|lpm_divide:Mod0|lpm_divide_qcm:auto_generated|sign_div_unsign_fnh:divider|alt_u_div_iaf:divider ; alt_u_div_iaf       ; work         ;
+-------------------------------------------+---------------------+---------------------------+-------------+--------------+---------+-----------+------+--------------+-----------------------------------------------------------------------------------------------------------------------------------------+---------------------+--------------+
Note: For table entries with two numbers listed, the numbers in parentheses indicate the number of resources of the given type used by the specific entity alone. The numbers listed outside of parentheses indicate the total resources of the given type used by the specific entity and all of its sub-entities in the hierarchy.


+------------------------------------------------------+
; General Register Statistics                          ;
+----------------------------------------------+-------+
; Statistic                                    ; Value ;
+----------------------------------------------+-------+
; Total registers                              ; 62    ;
; Number of registers using Synchronous Clear  ; 26    ;
; Number of registers using Synchronous Load   ; 0     ;
; Number of registers using Asynchronous Clear ; 0     ;
; Number of registers using Asynchronous Load  ; 0     ;
; Number of registers using Clock Enable       ; 3     ;
; Number of registers using Preset             ; 0     ;
+----------------------------------------------+-------+


+-----------------------------------------------------------------+
; Parameter Settings for User Entity Instance: ClkDividerN:clkDiv ;
+----------------+----------+-------------------------------------+
; Parameter Name ; Value    ; Type                                ;
+----------------+----------+-------------------------------------+
; n              ; 12500000 ; Signed Integer                      ;
+----------------+----------+-------------------------------------+
Note: In order to hide this table in the UI and the text report file, please set the "Show Parameter Settings in Synthesis Report" option in "Analysis and Synthesis Settings -> More Settings" to "Off".


+------------------------------------------------------------------------+
; Parameter Settings for User Entity Instance: PulseGeneratorN:pulse_gen ;
+----------------+----------+--------------------------------------------+
; Parameter Name ; Value    ; Type                                       ;
+----------------+----------+--------------------------------------------+
; numbersteps    ; 50000000 ; Signed Integer                             ;
; out0compval    ; 50000000 ; Signed Integer                             ;
; out1compval    ; 4        ; Signed Integer                             ;
+----------------+----------+--------------------------------------------+
Note: In order to hide this table in the UI and the text report file, please set the "Show Parameter Settings in Synthesis Report" option in "Analysis and Synthesis Settings -> More Settings" to "Off".


+-----------------------------------------------------------+
; Parameter Settings for User Entity Instance: CounterN:cnt ;
+----------------+-------+----------------------------------+
; Parameter Name ; Value ; Type                             ;
+----------------+-------+----------------------------------+
; max            ; 11    ; Signed Integer                   ;
+----------------+-------+----------------------------------+
Note: In order to hide this table in the UI and the text report file, please set the "Show Parameter Settings in Synthesis Report" option in "Analysis and Synthesis Settings -> More Settings" to "Off".


+-----------------------------------------------------------------+
; Parameter Settings for User Entity Instance: Bin2BCD:bin_to_BCD ;
+----------------+-------+----------------------------------------+
; Parameter Name ; Value ; Type                                   ;
+----------------+-------+----------------------------------------+
; n              ; 4     ; Signed Integer                         ;
+----------------+-------+----------------------------------------+
Note: In order to hide this table in the UI and the text report file, please set the "Show Parameter Settings in Synthesis Report" option in "Analysis and Synthesis Settings -> More Settings" to "Off".


+-------------------------------------------------------------------------------------+
; Parameter Settings for Inferred Entity Instance: Bin2BCD:bin_to_BCD|lpm_divide:Mod0 ;
+------------------------+----------------+-------------------------------------------+
; Parameter Name         ; Value          ; Type                                      ;
+------------------------+----------------+-------------------------------------------+
; LPM_WIDTHN             ; 4              ; Untyped                                   ;
; LPM_WIDTHD             ; 4              ; Untyped                                   ;
; LPM_NREPRESENTATION    ; UNSIGNED       ; Untyped                                   ;
; LPM_DREPRESENTATION    ; UNSIGNED       ; Untyped                                   ;
; LPM_PIPELINE           ; 0              ; Untyped                                   ;
; LPM_REMAINDERPOSITIVE  ; TRUE           ; Untyped                                   ;
; MAXIMIZE_SPEED         ; 5              ; Untyped                                   ;
; CBXI_PARAMETER         ; lpm_divide_i9m ; Untyped                                   ;
; CARRY_CHAIN            ; MANUAL         ; Untyped                                   ;
; OPTIMIZE_FOR_SPEED     ; 5              ; Untyped                                   ;
; AUTO_CARRY_CHAINS      ; ON             ; AUTO_CARRY                                ;
; IGNORE_CARRY_BUFFERS   ; OFF            ; IGNORE_CARRY                              ;
; AUTO_CASCADE_CHAINS    ; ON             ; AUTO_CASCADE                              ;
; IGNORE_CASCADE_BUFFERS ; OFF            ; IGNORE_CASCADE                            ;
+------------------------+----------------+-------------------------------------------+
Note: In order to hide this table in the UI and the text report file, please set the "Show Parameter Settings in Synthesis Report" option in "Analysis and Synthesis Settings -> More Settings" to "Off".


+-------------------------------------------------------------------------------------+
; Parameter Settings for Inferred Entity Instance: Bin2BCD:bin_to_BCD|lpm_divide:Div0 ;
+------------------------+----------------+-------------------------------------------+
; Parameter Name         ; Value          ; Type                                      ;
+------------------------+----------------+-------------------------------------------+
; LPM_WIDTHN             ; 4              ; Untyped                                   ;
; LPM_WIDTHD             ; 4              ; Untyped                                   ;
; LPM_NREPRESENTATION    ; UNSIGNED       ; Untyped                                   ;
; LPM_DREPRESENTATION    ; UNSIGNED       ; Untyped                                   ;
; LPM_PIPELINE           ; 0              ; Untyped                                   ;
; LPM_REMAINDERPOSITIVE  ; TRUE           ; Untyped                                   ;
; MAXIMIZE_SPEED         ; 5              ; Untyped                                   ;
; CBXI_PARAMETER         ; lpm_divide_fhm ; Untyped                                   ;
; CARRY_CHAIN            ; MANUAL         ; Untyped                                   ;
; OPTIMIZE_FOR_SPEED     ; 5              ; Untyped                                   ;
; AUTO_CARRY_CHAINS      ; ON             ; AUTO_CARRY                                ;
; IGNORE_CARRY_BUFFERS   ; OFF            ; IGNORE_CARRY                              ;
; AUTO_CASCADE_CHAINS    ; ON             ; AUTO_CASCADE                              ;
; IGNORE_CASCADE_BUFFERS ; OFF            ; IGNORE_CASCADE                            ;
+------------------------+----------------+-------------------------------------------+
Note: In order to hide this table in the UI and the text report file, please set the "Show Parameter Settings in Synthesis Report" option in "Analysis and Synthesis Settings -> More Settings" to "Off".


+-------------------------------------------------------------------------------------+
; Parameter Settings for Inferred Entity Instance: Bin2BCD:bin_to_BCD|lpm_divide:Mod1 ;
+------------------------+----------------+-------------------------------------------+
; Parameter Name         ; Value          ; Type                                      ;
+------------------------+----------------+-------------------------------------------+
; LPM_WIDTHN             ; 4              ; Untyped                                   ;
; LPM_WIDTHD             ; 4              ; Untyped                                   ;
; LPM_NREPRESENTATION    ; UNSIGNED       ; Untyped                                   ;
; LPM_DREPRESENTATION    ; UNSIGNED       ; Untyped                                   ;
; LPM_PIPELINE           ; 0              ; Untyped                                   ;
; LPM_REMAINDERPOSITIVE  ; TRUE           ; Untyped                                   ;
; MAXIMIZE_SPEED         ; 5              ; Untyped                                   ;
; CBXI_PARAMETER         ; lpm_divide_i9m ; Untyped                                   ;
; CARRY_CHAIN            ; MANUAL         ; Untyped                                   ;
; OPTIMIZE_FOR_SPEED     ; 5              ; Untyped                                   ;
; AUTO_CARRY_CHAINS      ; ON             ; AUTO_CARRY                                ;
; IGNORE_CARRY_BUFFERS   ; OFF            ; IGNORE_CARRY                              ;
; AUTO_CASCADE_CHAINS    ; ON             ; AUTO_CASCADE                              ;
; IGNORE_CASCADE_BUFFERS ; OFF            ; IGNORE_CASCADE                            ;
+------------------------+----------------+-------------------------------------------+
Note: In order to hide this table in the UI and the text report file, please set the "Show Parameter Settings in Synthesis Report" option in "Analysis and Synthesis Settings -> More Settings" to "Off".


+--------------------------------------------------------------------------------------------+
; Parameter Settings for Inferred Entity Instance: PulseGeneratorN:pulse_gen|lpm_divide:Mod0 ;
+------------------------+----------------+--------------------------------------------------+
; Parameter Name         ; Value          ; Type                                             ;
+------------------------+----------------+--------------------------------------------------+
; LPM_WIDTHN             ; 26             ; Untyped                                          ;
; LPM_WIDTHD             ; 26             ; Untyped                                          ;
; LPM_NREPRESENTATION    ; UNSIGNED       ; Untyped                                          ;
; LPM_DREPRESENTATION    ; UNSIGNED       ; Untyped                                          ;
; LPM_PIPELINE           ; 0              ; Untyped                                          ;
; LPM_REMAINDERPOSITIVE  ; TRUE           ; Untyped                                          ;
; MAXIMIZE_SPEED         ; 5              ; Untyped                                          ;
; CBXI_PARAMETER         ; lpm_divide_qcm ; Untyped                                          ;
; CARRY_CHAIN            ; MANUAL         ; Untyped                                          ;
; OPTIMIZE_FOR_SPEED     ; 5              ; Untyped                                          ;
; AUTO_CARRY_CHAINS      ; ON             ; AUTO_CARRY                                       ;
; IGNORE_CARRY_BUFFERS   ; OFF            ; IGNORE_CARRY                                     ;
; AUTO_CASCADE_CHAINS    ; ON             ; AUTO_CASCADE                                     ;
; IGNORE_CASCADE_BUFFERS ; OFF            ; IGNORE_CASCADE                                   ;
+------------------------+----------------+--------------------------------------------------+
Note: In order to hide this table in the UI and the text report file, please set the "Show Parameter Settings in Synthesis Report" option in "Analysis and Synthesis Settings -> More Settings" to "Off".


+----------------------------------------------------------------------------------------------------------------+
; Port Connectivity Checks: "Bin2BCD:bin_to_BCD"                                                                 ;
+------+--------+----------+-------------------------------------------------------------------------------------+
; Port ; Type   ; Severity ; Details                                                                             ;
+------+--------+----------+-------------------------------------------------------------------------------------+
; cent ; Output ; Info     ; Connected to dangling logic. Logic that only feeds a dangling port will be removed. ;
+------+--------+----------+-------------------------------------------------------------------------------------+


+-------------------------------------------------------------------------------------------------------------------+
; Port Connectivity Checks: "CounterN:cnt"                                                                          ;
+---------+--------+----------+-------------------------------------------------------------------------------------+
; Port    ; Type   ; Severity ; Details                                                                             ;
+---------+--------+----------+-------------------------------------------------------------------------------------+
; reset   ; Input  ; Info     ; Stuck at GND                                                                        ;
; enable2 ; Input  ; Info     ; Stuck at VCC                                                                        ;
; termcnt ; Output ; Info     ; Connected to dangling logic. Logic that only feeds a dangling port will be removed. ;
+---------+--------+----------+-------------------------------------------------------------------------------------+


+---------------------------------------------------------------------------------------------------------------------+
; Port Connectivity Checks: "PulseGeneratorN:pulse_gen"                                                               ;
+-----------+--------+----------+-------------------------------------------------------------------------------------+
; Port      ; Type   ; Severity ; Details                                                                             ;
+-----------+--------+----------+-------------------------------------------------------------------------------------+
; pulseout1 ; Output ; Info     ; Connected to dangling logic. Logic that only feeds a dangling port will be removed. ;
+-----------+--------+----------+-------------------------------------------------------------------------------------+


+-----------------------------------------------------+
; Post-Synthesis Netlist Statistics for Top Partition ;
+-----------------------+-----------------------------+
; Type                  ; Count                       ;
+-----------------------+-----------------------------+
; boundary_port         ; 20                          ;
; cycloneiii_ff         ; 62                          ;
;     ENA               ; 3                           ;
;     SCLR              ; 26                          ;
;     plain             ; 33                          ;
; cycloneiii_lcell_comb ; 163                         ;
;     arith             ; 80                          ;
;         2 data inputs ; 80                          ;
;     normal            ; 83                          ;
;         0 data inputs ; 4                           ;
;         1 data inputs ; 4                           ;
;         2 data inputs ; 26                          ;
;         3 data inputs ; 6                           ;
;         4 data inputs ; 43                          ;
;                       ;                             ;
; Max LUT depth         ; 8.70                        ;
; Average LUT depth     ; 4.45                        ;
+-----------------------+-----------------------------+


+-------------------------------+
; Elapsed Time Per Partition    ;
+----------------+--------------+
; Partition Name ; Elapsed Time ;
+----------------+--------------+
; Top            ; 00:00:02     ;
+----------------+--------------+


+-------------------------------+
; Analysis & Synthesis Messages ;
+-------------------------------+
Info: *******************************************************************
Info: Running Quartus Prime Analysis & Synthesis
    Info: Version 20.1.1 Build 720 11/11/2020 SJ Lite Edition
    Info: Processing started: Wed Apr 12 17:54:39 2023
Info: Command: quartus_map --read_settings_files=on --write_settings_files=off CounterMod12 -c CounterMod12
Warning (18236): Number of processors has not been specified which may cause overloading on shared machines.  Set the global assignment NUM_PARALLEL_PROCESSORS in your QSF to an appropriate value for best performance.
Info (20030): Parallel compilation is enabled and will use 14 of the 14 processors detected
Info (12021): Found 2 design units, including 1 entities, in source file countermod12.vhd
    Info (12022): Found design unit 1: CounterMod12-Shell File: C:/Users/pedro/OneDrive - Universidade de Aveiro/Universidade/1ano/2semestre/LSD/T/TP6-Mini-projeto-Contador/CounterMod12.vhd Line: 12
    Info (12023): Found entity 1: CounterMod12 File: C:/Users/pedro/OneDrive - Universidade de Aveiro/Universidade/1ano/2semestre/LSD/T/TP6-Mini-projeto-Contador/CounterMod12.vhd Line: 4
Info (12021): Found 2 design units, including 1 entities, in source file bin7segdecoder.vhd
    Info (12022): Found design unit 1: Bin7SegDecoder-RTL File: C:/Users/pedro/OneDrive - Universidade de Aveiro/Universidade/1ano/2semestre/LSD/T/TP6-Mini-projeto-Contador/Bin7SegDecoder.vhd Line: 10
    Info (12023): Found entity 1: Bin7SegDecoder File: C:/Users/pedro/OneDrive - Universidade de Aveiro/Universidade/1ano/2semestre/LSD/T/TP6-Mini-projeto-Contador/Bin7SegDecoder.vhd Line: 4
Info (12021): Found 2 design units, including 1 entities, in source file clkdividern.vhd
    Info (12022): Found design unit 1: ClkDividerN-RTL File: C:/Users/pedro/OneDrive - Universidade de Aveiro/Universidade/1ano/2semestre/LSD/T/TP6-Mini-projeto-Contador/ClkDividerN.vhd Line: 11
    Info (12023): Found entity 1: ClkDividerN File: C:/Users/pedro/OneDrive - Universidade de Aveiro/Universidade/1ano/2semestre/LSD/T/TP6-Mini-projeto-Contador/ClkDividerN.vhd Line: 5
Info (12021): Found 2 design units, including 1 entities, in source file pulsegeneratorn.vhd
    Info (12022): Found design unit 1: PulseGeneratorN-Behavioral File: C:/Users/pedro/OneDrive - Universidade de Aveiro/Universidade/1ano/2semestre/LSD/T/TP6-Mini-projeto-Contador/PulseGeneratorN.vhd Line: 14
    Info (12023): Found entity 1: PulseGeneratorN File: C:/Users/pedro/OneDrive - Universidade de Aveiro/Universidade/1ano/2semestre/LSD/T/TP6-Mini-projeto-Contador/PulseGeneratorN.vhd Line: 5
Info (12021): Found 2 design units, including 1 entities, in source file countern.vhd
    Info (12022): Found design unit 1: CounterN-Behavioral File: C:/Users/pedro/OneDrive - Universidade de Aveiro/Universidade/1ano/2semestre/LSD/T/TP6-Mini-projeto-Contador/CounterN.vhd Line: 18
    Info (12023): Found entity 1: CounterN File: C:/Users/pedro/OneDrive - Universidade de Aveiro/Universidade/1ano/2semestre/LSD/T/TP6-Mini-projeto-Contador/CounterN.vhd Line: 8
Info (12021): Found 2 design units, including 1 entities, in source file bin2bcd.vhd
    Info (12022): Found design unit 1: Bin2BCD-Behavioral File: C:/Users/pedro/OneDrive - Universidade de Aveiro/Universidade/1ano/2semestre/LSD/T/TP6-Mini-projeto-Contador/Bin2BCD.vhd Line: 12
    Info (12023): Found entity 1: Bin2BCD File: C:/Users/pedro/OneDrive - Universidade de Aveiro/Universidade/1ano/2semestre/LSD/T/TP6-Mini-projeto-Contador/Bin2BCD.vhd Line: 5
Info (12127): Elaborating entity "CounterMod12" for the top level hierarchy
Info (12129): Elaborating entity "ClkDividerN" using architecture "A:rtl" for hierarchy "ClkDividerN:clkDiv" File: C:/Users/pedro/OneDrive - Universidade de Aveiro/Universidade/1ano/2semestre/LSD/T/TP6-Mini-projeto-Contador/CounterMod12.vhd Line: 22
Info (12129): Elaborating entity "PulseGeneratorN" using architecture "A:behavioral" for hierarchy "PulseGeneratorN:pulse_gen" File: C:/Users/pedro/OneDrive - Universidade de Aveiro/Universidade/1ano/2semestre/LSD/T/TP6-Mini-projeto-Contador/CounterMod12.vhd Line: 27
Info (12129): Elaborating entity "CounterN" using architecture "A:behavioral" for hierarchy "CounterN:cnt" File: C:/Users/pedro/OneDrive - Universidade de Aveiro/Universidade/1ano/2semestre/LSD/T/TP6-Mini-projeto-Contador/CounterMod12.vhd Line: 33
Info (12129): Elaborating entity "Bin2BCD" using architecture "A:behavioral" for hierarchy "Bin2BCD:bin_to_BCD" File: C:/Users/pedro/OneDrive - Universidade de Aveiro/Universidade/1ano/2semestre/LSD/T/TP6-Mini-projeto-Contador/CounterMod12.vhd Line: 41
Warning (10492): VHDL Process Statement warning at Bin2BCD.vhd(21): signal "s_Unid" is read inside the Process Statement but isn't in the Process Statement's sensitivity list File: C:/Users/pedro/OneDrive - Universidade de Aveiro/Universidade/1ano/2semestre/LSD/T/TP6-Mini-projeto-Contador/Bin2BCD.vhd Line: 21
Warning (10492): VHDL Process Statement warning at Bin2BCD.vhd(22): signal "s_Dezen" is read inside the Process Statement but isn't in the Process Statement's sensitivity list File: C:/Users/pedro/OneDrive - Universidade de Aveiro/Universidade/1ano/2semestre/LSD/T/TP6-Mini-projeto-Contador/Bin2BCD.vhd Line: 22
Warning (10492): VHDL Process Statement warning at Bin2BCD.vhd(23): signal "s_Cent" is read inside the Process Statement but isn't in the Process Statement's sensitivity list File: C:/Users/pedro/OneDrive - Universidade de Aveiro/Universidade/1ano/2semestre/LSD/T/TP6-Mini-projeto-Contador/Bin2BCD.vhd Line: 23
Info (12129): Elaborating entity "Bin7SegDecoder" using architecture "A:rtl" for hierarchy "Bin7SegDecoder:unid_7seg" File: C:/Users/pedro/OneDrive - Universidade de Aveiro/Universidade/1ano/2semestre/LSD/T/TP6-Mini-projeto-Contador/CounterMod12.vhd Line: 47
Info (278001): Inferred 4 megafunctions from design logic
    Info (278004): Inferred divider/modulo megafunction ("lpm_divide") from the following logic: "Bin2BCD:bin_to_BCD|Mod0" File: C:/Users/pedro/OneDrive - Universidade de Aveiro/Universidade/1ano/2semestre/LSD/T/TP6-Mini-projeto-Contador/Bin2BCD.vhd Line: 17
    Info (278004): Inferred divider/modulo megafunction ("lpm_divide") from the following logic: "Bin2BCD:bin_to_BCD|Div0" File: C:/Users/pedro/OneDrive - Universidade de Aveiro/Universidade/1ano/2semestre/LSD/T/TP6-Mini-projeto-Contador/Bin2BCD.vhd Line: 18
    Info (278004): Inferred divider/modulo megafunction ("lpm_divide") from the following logic: "Bin2BCD:bin_to_BCD|Mod1" File: C:/Users/pedro/OneDrive - Universidade de Aveiro/Universidade/1ano/2semestre/LSD/T/TP6-Mini-projeto-Contador/Bin2BCD.vhd Line: 18
    Info (278004): Inferred divider/modulo megafunction ("lpm_divide") from the following logic: "PulseGeneratorN:pulse_gen|Mod0" File: C:/Users/pedro/OneDrive - Universidade de Aveiro/Universidade/1ano/2semestre/LSD/T/TP6-Mini-projeto-Contador/PulseGeneratorN.vhd Line: 32
Info (12130): Elaborated megafunction instantiation "Bin2BCD:bin_to_BCD|lpm_divide:Mod0" File: C:/Users/pedro/OneDrive - Universidade de Aveiro/Universidade/1ano/2semestre/LSD/T/TP6-Mini-projeto-Contador/Bin2BCD.vhd Line: 17
Info (12133): Instantiated megafunction "Bin2BCD:bin_to_BCD|lpm_divide:Mod0" with the following parameter: File: C:/Users/pedro/OneDrive - Universidade de Aveiro/Universidade/1ano/2semestre/LSD/T/TP6-Mini-projeto-Contador/Bin2BCD.vhd Line: 17
    Info (12134): Parameter "LPM_WIDTHN" = "4"
    Info (12134): Parameter "LPM_WIDTHD" = "4"
    Info (12134): Parameter "LPM_NREPRESENTATION" = "UNSIGNED"
    Info (12134): Parameter "LPM_DREPRESENTATION" = "UNSIGNED"
Info (12021): Found 1 design units, including 1 entities, in source file db/lpm_divide_i9m.tdf
    Info (12023): Found entity 1: lpm_divide_i9m File: C:/Users/pedro/OneDrive - Universidade de Aveiro/Universidade/1ano/2semestre/LSD/T/TP6-Mini-projeto-Contador/db/lpm_divide_i9m.tdf Line: 25
Info (12021): Found 1 design units, including 1 entities, in source file db/sign_div_unsign_7kh.tdf
    Info (12023): Found entity 1: sign_div_unsign_7kh File: C:/Users/pedro/OneDrive - Universidade de Aveiro/Universidade/1ano/2semestre/LSD/T/TP6-Mini-projeto-Contador/db/sign_div_unsign_7kh.tdf Line: 25
Info (12021): Found 1 design units, including 1 entities, in source file db/alt_u_div_24f.tdf
    Info (12023): Found entity 1: alt_u_div_24f File: C:/Users/pedro/OneDrive - Universidade de Aveiro/Universidade/1ano/2semestre/LSD/T/TP6-Mini-projeto-Contador/db/alt_u_div_24f.tdf Line: 27
Info (12021): Found 1 design units, including 1 entities, in source file db/add_sub_7pc.tdf
    Info (12023): Found entity 1: add_sub_7pc File: C:/Users/pedro/OneDrive - Universidade de Aveiro/Universidade/1ano/2semestre/LSD/T/TP6-Mini-projeto-Contador/db/add_sub_7pc.tdf Line: 23
Info (12021): Found 1 design units, including 1 entities, in source file db/add_sub_8pc.tdf
    Info (12023): Found entity 1: add_sub_8pc File: C:/Users/pedro/OneDrive - Universidade de Aveiro/Universidade/1ano/2semestre/LSD/T/TP6-Mini-projeto-Contador/db/add_sub_8pc.tdf Line: 23
Info (12130): Elaborated megafunction instantiation "Bin2BCD:bin_to_BCD|lpm_divide:Div0" File: C:/Users/pedro/OneDrive - Universidade de Aveiro/Universidade/1ano/2semestre/LSD/T/TP6-Mini-projeto-Contador/Bin2BCD.vhd Line: 18
Info (12133): Instantiated megafunction "Bin2BCD:bin_to_BCD|lpm_divide:Div0" with the following parameter: File: C:/Users/pedro/OneDrive - Universidade de Aveiro/Universidade/1ano/2semestre/LSD/T/TP6-Mini-projeto-Contador/Bin2BCD.vhd Line: 18
    Info (12134): Parameter "LPM_WIDTHN" = "4"
    Info (12134): Parameter "LPM_WIDTHD" = "4"
    Info (12134): Parameter "LPM_NREPRESENTATION" = "UNSIGNED"
    Info (12134): Parameter "LPM_DREPRESENTATION" = "UNSIGNED"
Info (12021): Found 1 design units, including 1 entities, in source file db/lpm_divide_fhm.tdf
    Info (12023): Found entity 1: lpm_divide_fhm File: C:/Users/pedro/OneDrive - Universidade de Aveiro/Universidade/1ano/2semestre/LSD/T/TP6-Mini-projeto-Contador/db/lpm_divide_fhm.tdf Line: 25
Info (12130): Elaborated megafunction instantiation "PulseGeneratorN:pulse_gen|lpm_divide:Mod0" File: C:/Users/pedro/OneDrive - Universidade de Aveiro/Universidade/1ano/2semestre/LSD/T/TP6-Mini-projeto-Contador/PulseGeneratorN.vhd Line: 32
Info (12133): Instantiated megafunction "PulseGeneratorN:pulse_gen|lpm_divide:Mod0" with the following parameter: File: C:/Users/pedro/OneDrive - Universidade de Aveiro/Universidade/1ano/2semestre/LSD/T/TP6-Mini-projeto-Contador/PulseGeneratorN.vhd Line: 32
    Info (12134): Parameter "LPM_WIDTHN" = "26"
    Info (12134): Parameter "LPM_WIDTHD" = "26"
    Info (12134): Parameter "LPM_NREPRESENTATION" = "UNSIGNED"
    Info (12134): Parameter "LPM_DREPRESENTATION" = "UNSIGNED"
Info (12021): Found 1 design units, including 1 entities, in source file db/lpm_divide_qcm.tdf
    Info (12023): Found entity 1: lpm_divide_qcm File: C:/Users/pedro/OneDrive - Universidade de Aveiro/Universidade/1ano/2semestre/LSD/T/TP6-Mini-projeto-Contador/db/lpm_divide_qcm.tdf Line: 25
Info (12021): Found 1 design units, including 1 entities, in source file db/sign_div_unsign_fnh.tdf
    Info (12023): Found entity 1: sign_div_unsign_fnh File: C:/Users/pedro/OneDrive - Universidade de Aveiro/Universidade/1ano/2semestre/LSD/T/TP6-Mini-projeto-Contador/db/sign_div_unsign_fnh.tdf Line: 25
Info (12021): Found 1 design units, including 1 entities, in source file db/alt_u_div_iaf.tdf
    Info (12023): Found entity 1: alt_u_div_iaf File: C:/Users/pedro/OneDrive - Universidade de Aveiro/Universidade/1ano/2semestre/LSD/T/TP6-Mini-projeto-Contador/db/alt_u_div_iaf.tdf Line: 27
Warning (13024): Output pins are stuck at VCC or GND
    Warning (13410): Pin "HEX1[6]" is stuck at VCC File: C:/Users/pedro/OneDrive - Universidade de Aveiro/Universidade/1ano/2semestre/LSD/T/TP6-Mini-projeto-Contador/CounterMod12.vhd Line: 8
Info (286030): Timing-Driven Synthesis is running
Info (16010): Generating hard_block partition "hard_block:auto_generated_inst"
    Info (16011): Adding 0 node(s), including 0 DDIO, 0 PLL, 0 transceiver and 0 LCELL
Info (21057): Implemented 181 device resources after synthesis - the final resource count might be different
    Info (21058): Implemented 2 input pins
    Info (21059): Implemented 18 output pins
    Info (21061): Implemented 161 logic cells
Info: Quartus Prime Analysis & Synthesis was successful. 0 errors, 6 warnings
    Info: Peak virtual memory: 4862 megabytes
    Info: Processing ended: Wed Apr 12 17:54:56 2023
    Info: Elapsed time: 00:00:17
    Info: Total CPU time (on all processors): 00:00:16


