Analysis & Synthesis report for DrinksMachine
Thu Apr 06 01:09:31 2023
Quartus Prime Version 20.1.1 Build 720 11/11/2020 SJ Lite Edition


---------------------
; Table of Contents ;
---------------------
  1. Legal Notice
  2. Analysis & Synthesis Summary
  3. Analysis & Synthesis Settings
  4. Parallel Compilation
  5. Analysis & Synthesis Source Files Read
  6. Analysis & Synthesis Resource Usage Summary
  7. Analysis & Synthesis Resource Utilization by Entity
  8. State Machine - |DrinksMachine|DrinksFSM:fsm|s_currentState
  9. General Register Statistics
 10. Inverted Register Statistics
 11. Multiplexer Restructuring Statistics (Restructuring Performed)
 12. Parameter Settings for User Entity Instance: ClkDividerN:clkDiv
 13. Parameter Settings for User Entity Instance: DebounceUnit:debounce0
 14. Parameter Settings for User Entity Instance: DebounceUnit:debounce1
 15. Parameter Settings for User Entity Instance: HoldAbrir:toogle_abrir
 16. Port Connectivity Checks: "Bin7SegDecoder:dec7seg"
 17. Port Connectivity Checks: "ClkDividerN:clkDiv"
 18. Post-Synthesis Netlist Statistics for Top Partition
 19. Elapsed Time Per Partition
 20. Analysis & Synthesis Messages



----------------
; Legal Notice ;
----------------
Copyright (C) 2020  Intel Corporation. All rights reserved.
Your use of Intel Corporation's design tools, logic functions 
and other software and tools, and any partner logic 
functions, and any output files from any of the foregoing 
(including device programming or simulation files), and any 
associated documentation or information are expressly subject 
to the terms and conditions of the Intel Program License 
Subscription Agreement, the Intel Quartus Prime License Agreement,
the Intel FPGA IP License Agreement, or other applicable license
agreement, including, without limitation, that your use is for
the sole purpose of programming logic devices manufactured by
Intel and sold by Intel or its authorized distributors.  Please
refer to the applicable agreement for further details, at
https://fpgasoftware.intel.com/eula.



+----------------------------------------------------------------------------------+
; Analysis & Synthesis Summary                                                     ;
+------------------------------------+---------------------------------------------+
; Analysis & Synthesis Status        ; Successful - Thu Apr 06 01:09:31 2023       ;
; Quartus Prime Version              ; 20.1.1 Build 720 11/11/2020 SJ Lite Edition ;
; Revision Name                      ; DrinksMachine                               ;
; Top-level Entity Name              ; DrinksMachine                               ;
; Family                             ; Cyclone IV E                                ;
; Total logic elements               ; 219                                         ;
;     Total combinational functions  ; 217                                         ;
;     Dedicated logic registers      ; 85                                          ;
; Total registers                    ; 85                                          ;
; Total pins                         ; 23                                          ;
; Total virtual pins                 ; 0                                           ;
; Total memory bits                  ; 0                                           ;
; Embedded Multiplier 9-bit elements ; 0                                           ;
; Total PLLs                         ; 0                                           ;
+------------------------------------+---------------------------------------------+


+------------------------------------------------------------------------------------------------------------+
; Analysis & Synthesis Settings                                                                              ;
+------------------------------------------------------------------+--------------------+--------------------+
; Option                                                           ; Setting            ; Default Value      ;
+------------------------------------------------------------------+--------------------+--------------------+
; Device                                                           ; EP4CE115F29C7      ;                    ;
; Top-level entity name                                            ; DrinksMachine      ; DrinksMachine      ;
; Family name                                                      ; Cyclone IV E       ; Cyclone V          ;
; Use smart compilation                                            ; Off                ; Off                ;
; Enable parallel Assembler and Timing Analyzer during compilation ; On                 ; On                 ;
; Enable compact report table                                      ; Off                ; Off                ;
; Restructure Multiplexers                                         ; Auto               ; Auto               ;
; Create Debugging Nodes for IP Cores                              ; Off                ; Off                ;
; Preserve fewer node names                                        ; On                 ; On                 ;
; Intel FPGA IP Evaluation Mode                                    ; Enable             ; Enable             ;
; Verilog Version                                                  ; Verilog_2001       ; Verilog_2001       ;
; VHDL Version                                                     ; VHDL_1993          ; VHDL_1993          ;
; State Machine Processing                                         ; Auto               ; Auto               ;
; Safe State Machine                                               ; Off                ; Off                ;
; Extract Verilog State Machines                                   ; On                 ; On                 ;
; Extract VHDL State Machines                                      ; On                 ; On                 ;
; Ignore Verilog initial constructs                                ; Off                ; Off                ;
; Iteration limit for constant Verilog loops                       ; 5000               ; 5000               ;
; Iteration limit for non-constant Verilog loops                   ; 250                ; 250                ;
; Add Pass-Through Logic to Inferred RAMs                          ; On                 ; On                 ;
; Infer RAMs from Raw Logic                                        ; On                 ; On                 ;
; Parallel Synthesis                                               ; On                 ; On                 ;
; DSP Block Balancing                                              ; Auto               ; Auto               ;
; NOT Gate Push-Back                                               ; On                 ; On                 ;
; Power-Up Don't Care                                              ; On                 ; On                 ;
; Remove Redundant Logic Cells                                     ; Off                ; Off                ;
; Remove Duplicate Registers                                       ; On                 ; On                 ;
; Ignore CARRY Buffers                                             ; Off                ; Off                ;
; Ignore CASCADE Buffers                                           ; Off                ; Off                ;
; Ignore GLOBAL Buffers                                            ; Off                ; Off                ;
; Ignore ROW GLOBAL Buffers                                        ; Off                ; Off                ;
; Ignore LCELL Buffers                                             ; Off                ; Off                ;
; Ignore SOFT Buffers                                              ; On                 ; On                 ;
; Limit AHDL Integers to 32 Bits                                   ; Off                ; Off                ;
; Optimization Technique                                           ; Balanced           ; Balanced           ;
; Carry Chain Length                                               ; 70                 ; 70                 ;
; Auto Carry Chains                                                ; On                 ; On                 ;
; Auto Open-Drain Pins                                             ; On                 ; On                 ;
; Perform WYSIWYG Primitive Resynthesis                            ; Off                ; Off                ;
; Auto ROM Replacement                                             ; On                 ; On                 ;
; Auto RAM Replacement                                             ; On                 ; On                 ;
; Auto DSP Block Replacement                                       ; On                 ; On                 ;
; Auto Shift Register Replacement                                  ; Auto               ; Auto               ;
; Allow Shift Register Merging across Hierarchies                  ; Auto               ; Auto               ;
; Auto Clock Enable Replacement                                    ; On                 ; On                 ;
; Strict RAM Replacement                                           ; Off                ; Off                ;
; Allow Synchronous Control Signals                                ; On                 ; On                 ;
; Force Use of Synchronous Clear Signals                           ; Off                ; Off                ;
; Auto RAM Block Balancing                                         ; On                 ; On                 ;
; Auto RAM to Logic Cell Conversion                                ; Off                ; Off                ;
; Auto Resource Sharing                                            ; Off                ; Off                ;
; Allow Any RAM Size For Recognition                               ; Off                ; Off                ;
; Allow Any ROM Size For Recognition                               ; Off                ; Off                ;
; Allow Any Shift Register Size For Recognition                    ; Off                ; Off                ;
; Use LogicLock Constraints during Resource Balancing              ; On                 ; On                 ;
; Ignore translate_off and synthesis_off directives                ; Off                ; Off                ;
; Timing-Driven Synthesis                                          ; On                 ; On                 ;
; Report Parameter Settings                                        ; On                 ; On                 ;
; Report Source Assignments                                        ; On                 ; On                 ;
; Report Connectivity Checks                                       ; On                 ; On                 ;
; Ignore Maximum Fan-Out Assignments                               ; Off                ; Off                ;
; Synchronization Register Chain Length                            ; 2                  ; 2                  ;
; Power Optimization During Synthesis                              ; Normal compilation ; Normal compilation ;
; HDL message level                                                ; Level2             ; Level2             ;
; Suppress Register Optimization Related Messages                  ; Off                ; Off                ;
; Number of Removed Registers Reported in Synthesis Report         ; 5000               ; 5000               ;
; Number of Swept Nodes Reported in Synthesis Report               ; 5000               ; 5000               ;
; Number of Inverted Registers Reported in Synthesis Report        ; 100                ; 100                ;
; Clock MUX Protection                                             ; On                 ; On                 ;
; Auto Gated Clock Conversion                                      ; Off                ; Off                ;
; Block Design Naming                                              ; Auto               ; Auto               ;
; SDC constraint protection                                        ; Off                ; Off                ;
; Synthesis Effort                                                 ; Auto               ; Auto               ;
; Shift Register Replacement - Allow Asynchronous Clear Signal     ; On                 ; On                 ;
; Pre-Mapping Resynthesis Optimization                             ; Off                ; Off                ;
; Analysis & Synthesis Message Level                               ; Medium             ; Medium             ;
; Disable Register Merging Across Hierarchies                      ; Auto               ; Auto               ;
; Resource Aware Inference For Block RAM                           ; On                 ; On                 ;
+------------------------------------------------------------------+--------------------+--------------------+


+------------------------------------------+
; Parallel Compilation                     ;
+----------------------------+-------------+
; Processors                 ; Number      ;
+----------------------------+-------------+
; Number detected on machine ; 20          ;
; Maximum allowed            ; 14          ;
;                            ;             ;
; Average used               ; 1.00        ;
; Maximum used               ; 14          ;
;                            ;             ;
; Usage by Processor         ; % Time Used ;
;     Processor 1            ; 100.0%      ;
;     Processors 2-14        ;   0.0%      ;
+----------------------------+-------------+


+----------------------------------------------------------------------------------------------------------------------------------------------------------------------------------------------------+
; Analysis & Synthesis Source Files Read                                                                                                                                                             ;
+------------------------------------+-----------------+-----------------+-----------------------------------------------------------------------------------------------------------------+---------+
; File Name with User-Entered Path   ; Used in Netlist ; File Type       ; File Name with Absolute Path                                                                                    ; Library ;
+------------------------------------+-----------------+-----------------+-----------------------------------------------------------------------------------------------------------------+---------+
; ../Parte1/DebounceUnit.vhd         ; yes             ; User VHDL File  ; C:/Users/pedro/OneDrive - Universidade de Aveiro/Universidade/1ano/2semestre/LSD/P/P8/Parte1/DebounceUnit.vhd   ;         ;
; ../../P3/Parte4/Bin7SegDecoder.vhd ; yes             ; User VHDL File  ; C:/Users/pedro/OneDrive - Universidade de Aveiro/Universidade/1ano/2semestre/LSD/P/P3/Parte4/Bin7SegDecoder.vhd ;         ;
; ../Parte1/ClkDividerN.vhd          ; yes             ; User VHDL File  ; C:/Users/pedro/OneDrive - Universidade de Aveiro/Universidade/1ano/2semestre/LSD/P/P8/Parte1/ClkDividerN.vhd    ;         ;
; DrinksFSM.vhd                      ; yes             ; User VHDL File  ; C:/Users/pedro/OneDrive - Universidade de Aveiro/Universidade/1ano/2semestre/LSD/P/P8/Parte2/DrinksFSM.vhd      ;         ;
; DrinksMachine.vhd                  ; yes             ; User VHDL File  ; C:/Users/pedro/OneDrive - Universidade de Aveiro/Universidade/1ano/2semestre/LSD/P/P8/Parte2/DrinksMachine.vhd  ;         ;
; HoldAbrir.vhd                      ; yes             ; User VHDL File  ; C:/Users/pedro/OneDrive - Universidade de Aveiro/Universidade/1ano/2semestre/LSD/P/P8/Parte2/HoldAbrir.vhd      ;         ;
+------------------------------------+-----------------+-----------------+-----------------------------------------------------------------------------------------------------------------+---------+


+--------------------------------------------------------------+
; Analysis & Synthesis Resource Usage Summary                  ;
+---------------------------------------------+----------------+
; Resource                                    ; Usage          ;
+---------------------------------------------+----------------+
; Estimated Total logic elements              ; 219            ;
;                                             ;                ;
; Total combinational functions               ; 217            ;
; Logic element usage by number of LUT inputs ;                ;
;     -- 4 input functions                    ; 69             ;
;     -- 3 input functions                    ; 30             ;
;     -- <=2 input functions                  ; 118            ;
;                                             ;                ;
; Logic elements by mode                      ;                ;
;     -- normal mode                          ; 148            ;
;     -- arithmetic mode                      ; 69             ;
;                                             ;                ;
; Total registers                             ; 85             ;
;     -- Dedicated logic registers            ; 85             ;
;     -- I/O registers                        ; 0              ;
;                                             ;                ;
; I/O pins                                    ; 23             ;
;                                             ;                ;
; Embedded Multiplier 9-bit elements          ; 0              ;
;                                             ;                ;
; Maximum fan-out node                        ; CLOCK_50~input ;
; Maximum fan-out                             ; 85             ;
; Total fan-out                               ; 834            ;
; Average fan-out                             ; 2.40           ;
+---------------------------------------------+----------------+


+--------------------------------------------------------------------------------------------------------------------------------------------------------------------------------------------------------------------------------+
; Analysis & Synthesis Resource Utilization by Entity                                                                                                                                                                            ;
+-----------------------------+---------------------+---------------------------+-------------+--------------+---------+-----------+------+--------------+---------------------------------------+----------------+--------------+
; Compilation Hierarchy Node  ; Combinational ALUTs ; Dedicated Logic Registers ; Memory Bits ; DSP Elements ; DSP 9x9 ; DSP 18x18 ; Pins ; Virtual Pins ; Full Hierarchy Name                   ; Entity Name    ; Library Name ;
+-----------------------------+---------------------+---------------------------+-------------+--------------+---------+-----------+------+--------------+---------------------------------------+----------------+--------------+
; |DrinksMachine              ; 217 (0)             ; 85 (0)                    ; 0           ; 0            ; 0       ; 0         ; 23   ; 0            ; |DrinksMachine                        ; DrinksMachine  ; work         ;
;    |Bin7SegDecoder:dec7seg| ; 7 (7)               ; 0 (0)                     ; 0           ; 0            ; 0       ; 0         ; 0    ; 0            ; |DrinksMachine|Bin7SegDecoder:dec7seg ; Bin7SegDecoder ; work         ;
;    |DebounceUnit:debounce0| ; 68 (68)             ; 26 (26)                   ; 0           ; 0            ; 0       ; 0         ; 0    ; 0            ; |DrinksMachine|DebounceUnit:debounce0 ; DebounceUnit   ; work         ;
;    |DebounceUnit:debounce1| ; 68 (68)             ; 26 (26)                   ; 0           ; 0            ; 0       ; 0         ; 0    ; 0            ; |DrinksMachine|DebounceUnit:debounce1 ; DebounceUnit   ; work         ;
;    |DrinksFSM:fsm|          ; 13 (13)             ; 6 (6)                     ; 0           ; 0            ; 0       ; 0         ; 0    ; 0            ; |DrinksMachine|DrinksFSM:fsm          ; DrinksFSM      ; work         ;
;    |HoldAbrir:toogle_abrir| ; 61 (61)             ; 27 (27)                   ; 0           ; 0            ; 0       ; 0         ; 0    ; 0            ; |DrinksMachine|HoldAbrir:toogle_abrir ; HoldAbrir      ; work         ;
+-----------------------------+---------------------+---------------------------+-------------+--------------+---------+-----------+------+--------------+---------------------------------------+----------------+--------------+
Note: For table entries with two numbers listed, the numbers in parentheses indicate the number of resources of the given type used by the specific entity alone. The numbers listed outside of parentheses indicate the total resources of the given type used by the specific entity and all of its sub-entities in the hierarchy.


Encoding Type:  One-Hot
+-------------------------------------------------------------------------------------------------------------------------------------------+
; State Machine - |DrinksMachine|DrinksFSM:fsm|s_currentState                                                                               ;
+-------------------+-------------------+-------------------+-------------------+-------------------+-------------------+-------------------+
; Name              ; s_currentState.E5 ; s_currentState.E4 ; s_currentState.E3 ; s_currentState.E2 ; s_currentState.E1 ; s_currentState.E0 ;
+-------------------+-------------------+-------------------+-------------------+-------------------+-------------------+-------------------+
; s_currentState.E0 ; 0                 ; 0                 ; 0                 ; 0                 ; 0                 ; 0                 ;
; s_currentState.E1 ; 0                 ; 0                 ; 0                 ; 0                 ; 1                 ; 1                 ;
; s_currentState.E2 ; 0                 ; 0                 ; 0                 ; 1                 ; 0                 ; 1                 ;
; s_currentState.E3 ; 0                 ; 0                 ; 1                 ; 0                 ; 0                 ; 1                 ;
; s_currentState.E4 ; 0                 ; 1                 ; 0                 ; 0                 ; 0                 ; 1                 ;
; s_currentState.E5 ; 1                 ; 0                 ; 0                 ; 0                 ; 0                 ; 1                 ;
+-------------------+-------------------+-------------------+-------------------+-------------------+-------------------+-------------------+


+------------------------------------------------------+
; General Register Statistics                          ;
+----------------------------------------------+-------+
; Statistic                                    ; Value ;
+----------------------------------------------+-------+
; Total registers                              ; 85    ;
; Number of registers using Synchronous Clear  ; 0     ;
; Number of registers using Synchronous Load   ; 0     ;
; Number of registers using Asynchronous Clear ; 0     ;
; Number of registers using Asynchronous Load  ; 0     ;
; Number of registers using Clock Enable       ; 36    ;
; Number of registers using Preset             ; 0     ;
+----------------------------------------------+-------+


+--------------------------------------------------+
; Inverted Register Statistics                     ;
+----------------------------------------+---------+
; Inverted Register                      ; Fan out ;
+----------------------------------------+---------+
; HoldAbrir:toogle_abrir|s_counter[0]    ; 2       ;
; Total number of inverted registers = 1 ;         ;
+----------------------------------------+---------+


+-----------------------------------------------------------------------------------------------------------------------------------------------------------------------+
; Multiplexer Restructuring Statistics (Restructuring Performed)                                                                                                        ;
+--------------------+-----------+---------------+----------------------+------------------------+------------+---------------------------------------------------------+
; Multiplexer Inputs ; Bus Width ; Baseline Area ; Area if Restructured ; Saving if Restructured ; Registered ; Example Multiplexer Output                              ;
+--------------------+-----------+---------------+----------------------+------------------------+------------+---------------------------------------------------------+
; 5:1                ; 23 bits   ; 69 LEs        ; 46 LEs               ; 23 LEs                 ; Yes        ; |DrinksMachine|DebounceUnit:debounce0|s_debounceCnt[12] ;
; 5:1                ; 23 bits   ; 69 LEs        ; 46 LEs               ; 23 LEs                 ; Yes        ; |DrinksMachine|DebounceUnit:debounce1|s_debounceCnt[9]  ;
; 8:1                ; 2 bits    ; 10 LEs        ; 6 LEs                ; 4 LEs                  ; No         ; |DrinksMachine|Bin7SegDecoder:dec7seg|decOut_n          ;
+--------------------+-----------+---------------+----------------------+------------------------+------------+---------------------------------------------------------+


+-----------------------------------------------------------------+
; Parameter Settings for User Entity Instance: ClkDividerN:clkDiv ;
+----------------+----------+-------------------------------------+
; Parameter Name ; Value    ; Type                                ;
+----------------+----------+-------------------------------------+
; divfactor      ; 50000000 ; Signed Integer                      ;
+----------------+----------+-------------------------------------+
Note: In order to hide this table in the UI and the text report file, please set the "Show Parameter Settings in Synthesis Report" option in "Analysis and Synthesis Settings -> More Settings" to "Off".


+---------------------------------------------------------------------+
; Parameter Settings for User Entity Instance: DebounceUnit:debounce0 ;
+----------------+-------+--------------------------------------------+
; Parameter Name ; Value ; Type                                       ;
+----------------+-------+--------------------------------------------+
; khzclkfreq     ; 50000 ; Signed Integer                             ;
; msecmininwidth ; 100   ; Signed Integer                             ;
; inpolarity     ; '0'   ; Enumerated                                 ;
; outpolarity    ; '1'   ; Enumerated                                 ;
+----------------+-------+--------------------------------------------+
Note: In order to hide this table in the UI and the text report file, please set the "Show Parameter Settings in Synthesis Report" option in "Analysis and Synthesis Settings -> More Settings" to "Off".


+---------------------------------------------------------------------+
; Parameter Settings for User Entity Instance: DebounceUnit:debounce1 ;
+----------------+-------+--------------------------------------------+
; Parameter Name ; Value ; Type                                       ;
+----------------+-------+--------------------------------------------+
; khzclkfreq     ; 50000 ; Signed Integer                             ;
; msecmininwidth ; 100   ; Signed Integer                             ;
; inpolarity     ; '0'   ; Enumerated                                 ;
; outpolarity    ; '1'   ; Enumerated                                 ;
+----------------+-------+--------------------------------------------+
Note: In order to hide this table in the UI and the text report file, please set the "Show Parameter Settings in Synthesis Report" option in "Analysis and Synthesis Settings -> More Settings" to "Off".


+---------------------------------------------------------------------+
; Parameter Settings for User Entity Instance: HoldAbrir:toogle_abrir ;
+----------------+----------+-----------------------------------------+
; Parameter Name ; Value    ; Type                                    ;
+----------------+----------+-----------------------------------------+
; delaycounter   ; 50000000 ; Signed Integer                          ;
+----------------+----------+-----------------------------------------+
Note: In order to hide this table in the UI and the text report file, please set the "Show Parameter Settings in Synthesis Report" option in "Analysis and Synthesis Settings -> More Settings" to "Off".


+----------------------------------------------------+
; Port Connectivity Checks: "Bin7SegDecoder:dec7seg" ;
+--------+-------+----------+------------------------+
; Port   ; Type  ; Severity ; Details                ;
+--------+-------+----------+------------------------+
; enable ; Input ; Info     ; Stuck at VCC           ;
+--------+-------+----------+------------------------+


+------------------------------------------------------------------------------------------------------------------+
; Port Connectivity Checks: "ClkDividerN:clkDiv"                                                                   ;
+--------+--------+----------+-------------------------------------------------------------------------------------+
; Port   ; Type   ; Severity ; Details                                                                             ;
+--------+--------+----------+-------------------------------------------------------------------------------------+
; clkout ; Output ; Info     ; Connected to dangling logic. Logic that only feeds a dangling port will be removed. ;
+--------+--------+----------+-------------------------------------------------------------------------------------+


+-----------------------------------------------------+
; Post-Synthesis Netlist Statistics for Top Partition ;
+-----------------------+-----------------------------+
; Type                  ; Count                       ;
+-----------------------+-----------------------------+
; boundary_port         ; 23                          ;
; cycloneiii_ff         ; 85                          ;
;     ENA               ; 36                          ;
;     plain             ; 49                          ;
; cycloneiii_lcell_comb ; 221                         ;
;     arith             ; 69                          ;
;         2 data inputs ; 69                          ;
;     normal            ; 152                         ;
;         0 data inputs ; 1                           ;
;         1 data inputs ; 8                           ;
;         2 data inputs ; 44                          ;
;         3 data inputs ; 30                          ;
;         4 data inputs ; 69                          ;
;                       ;                             ;
; Max LUT depth         ; 7.00                        ;
; Average LUT depth     ; 4.13                        ;
+-----------------------+-----------------------------+


+-------------------------------+
; Elapsed Time Per Partition    ;
+----------------+--------------+
; Partition Name ; Elapsed Time ;
+----------------+--------------+
; Top            ; 00:00:00     ;
+----------------+--------------+


+-------------------------------+
; Analysis & Synthesis Messages ;
+-------------------------------+
Info: *******************************************************************
Info: Running Quartus Prime Analysis & Synthesis
    Info: Version 20.1.1 Build 720 11/11/2020 SJ Lite Edition
    Info: Processing started: Thu Apr 06 01:09:22 2023
Info: Command: quartus_map --read_settings_files=on --write_settings_files=off DrinksMachine -c DrinksMachine
Warning (18236): Number of processors has not been specified which may cause overloading on shared machines.  Set the global assignment NUM_PARALLEL_PROCESSORS in your QSF to an appropriate value for best performance.
Info (20030): Parallel compilation is enabled and will use 14 of the 14 processors detected
Info (12021): Found 4 design units, including 1 entities, in source file /users/pedro/onedrive - universidade de aveiro/universidade/1ano/2semestre/lsd/p/p4/parte1/flipflopd.vhd
    Info (12022): Found design unit 1: FlipFlopD-Behavioral File: C:/Users/pedro/OneDrive - Universidade de Aveiro/Universidade/1ano/2semestre/LSD/P/P4/Parte1/FlipFlopD.vhd Line: 11
    Info (12022): Found design unit 2: FlipFlopD-BehavRSSync File: C:/Users/pedro/OneDrive - Universidade de Aveiro/Universidade/1ano/2semestre/LSD/P/P4/Parte1/FlipFlopD.vhd Line: 21
    Info (12022): Found design unit 3: FlipFlopD-BehavRSAsyn File: C:/Users/pedro/OneDrive - Universidade de Aveiro/Universidade/1ano/2semestre/LSD/P/P4/Parte1/FlipFlopD.vhd Line: 37
    Info (12023): Found entity 1: FlipFlopD File: C:/Users/pedro/OneDrive - Universidade de Aveiro/Universidade/1ano/2semestre/LSD/P/P4/Parte1/FlipFlopD.vhd Line: 4
Info (12021): Found 2 design units, including 1 entities, in source file /users/pedro/onedrive - universidade de aveiro/universidade/1ano/2semestre/lsd/p/p8/parte1/debounceunit.vhd
    Info (12022): Found design unit 1: DebounceUnit-Behavioral File: C:/Users/pedro/OneDrive - Universidade de Aveiro/Universidade/1ano/2semestre/LSD/P/P8/Parte1/DebounceUnit.vhd Line: 15
    Info (12023): Found entity 1: DebounceUnit File: C:/Users/pedro/OneDrive - Universidade de Aveiro/Universidade/1ano/2semestre/LSD/P/P8/Parte1/DebounceUnit.vhd Line: 5
Info (12021): Found 2 design units, including 1 entities, in source file /users/pedro/onedrive - universidade de aveiro/universidade/1ano/2semestre/lsd/p/p3/parte4/bin7segdecoder.vhd
    Info (12022): Found design unit 1: Bin7SegDecoder-Behavioral File: C:/Users/pedro/OneDrive - Universidade de Aveiro/Universidade/1ano/2semestre/LSD/P/P3/Parte4/Bin7SegDecoder.vhd Line: 11
    Info (12023): Found entity 1: Bin7SegDecoder File: C:/Users/pedro/OneDrive - Universidade de Aveiro/Universidade/1ano/2semestre/LSD/P/P3/Parte4/Bin7SegDecoder.vhd Line: 4
Info (12021): Found 2 design units, including 1 entities, in source file /users/pedro/onedrive - universidade de aveiro/universidade/1ano/2semestre/lsd/p/p8/parte1/clkdividern.vhd
    Info (12022): Found design unit 1: ClkDividerN-Behavioral File: C:/Users/pedro/OneDrive - Universidade de Aveiro/Universidade/1ano/2semestre/LSD/P/P8/Parte1/ClkDividerN.vhd Line: 11
    Info (12023): Found entity 1: ClkDividerN File: C:/Users/pedro/OneDrive - Universidade de Aveiro/Universidade/1ano/2semestre/LSD/P/P8/Parte1/ClkDividerN.vhd Line: 5
Info (12021): Found 2 design units, including 1 entities, in source file drinksfsm.vhd
    Info (12022): Found design unit 1: DrinksFSM-Behavioral File: C:/Users/pedro/OneDrive - Universidade de Aveiro/Universidade/1ano/2semestre/LSD/P/P8/Parte2/DrinksFSM.vhd Line: 14
    Info (12023): Found entity 1: DrinksFSM File: C:/Users/pedro/OneDrive - Universidade de Aveiro/Universidade/1ano/2semestre/LSD/P/P8/Parte2/DrinksFSM.vhd Line: 5
Info (12021): Found 2 design units, including 1 entities, in source file drinksfsm_tb.vhd
    Info (12022): Found design unit 1: DrinksFSM_Tb-Stimulus File: C:/Users/pedro/OneDrive - Universidade de Aveiro/Universidade/1ano/2semestre/LSD/P/P8/Parte2/DrinksFSM_Tb.vhd Line: 7
    Info (12023): Found entity 1: DrinksFSM_Tb File: C:/Users/pedro/OneDrive - Universidade de Aveiro/Universidade/1ano/2semestre/LSD/P/P8/Parte2/DrinksFSM_Tb.vhd Line: 4
Info (12021): Found 2 design units, including 1 entities, in source file drinksmachine.vhd
    Info (12022): Found design unit 1: DrinksMachine-Shell File: C:/Users/pedro/OneDrive - Universidade de Aveiro/Universidade/1ano/2semestre/LSD/P/P8/Parte2/DrinksMachine.vhd Line: 13
    Info (12023): Found entity 1: DrinksMachine File: C:/Users/pedro/OneDrive - Universidade de Aveiro/Universidade/1ano/2semestre/LSD/P/P8/Parte2/DrinksMachine.vhd Line: 4
Info (12021): Found 2 design units, including 1 entities, in source file holdabrir.vhd
    Info (12022): Found design unit 1: HoldAbrir-Behavioral File: C:/Users/pedro/OneDrive - Universidade de Aveiro/Universidade/1ano/2semestre/LSD/P/P8/Parte2/HoldAbrir.vhd Line: 12
    Info (12023): Found entity 1: HoldAbrir File: C:/Users/pedro/OneDrive - Universidade de Aveiro/Universidade/1ano/2semestre/LSD/P/P8/Parte2/HoldAbrir.vhd Line: 5
Info (12127): Elaborating entity "DrinksMachine" for the top level hierarchy
Warning (10541): VHDL Signal Declaration warning at DrinksMachine.vhd(9): used implicit default value for signal "LEDR" because signal was never assigned a value or an explicit default value. Use of implicit default value may introduce unintended design optimizations. File: C:/Users/pedro/OneDrive - Universidade de Aveiro/Universidade/1ano/2semestre/LSD/P/P8/Parte2/DrinksMachine.vhd Line: 9
Warning (10036): Verilog HDL or VHDL warning at DrinksMachine.vhd(15): object "s_clk" assigned a value but never read File: C:/Users/pedro/OneDrive - Universidade de Aveiro/Universidade/1ano/2semestre/LSD/P/P8/Parte2/DrinksMachine.vhd Line: 15
Warning (10873): Using initial value X (don't care) for net "LEDG[8..1]" at DrinksMachine.vhd(8) File: C:/Users/pedro/OneDrive - Universidade de Aveiro/Universidade/1ano/2semestre/LSD/P/P8/Parte2/DrinksMachine.vhd Line: 8
Info (12129): Elaborating entity "ClkDividerN" using architecture "A:behavioral" for hierarchy "ClkDividerN:clkDiv" File: C:/Users/pedro/OneDrive - Universidade de Aveiro/Universidade/1ano/2semestre/LSD/P/P8/Parte2/DrinksMachine.vhd Line: 21
Info (12129): Elaborating entity "DebounceUnit" using architecture "A:behavioral" for hierarchy "DebounceUnit:debounce0" File: C:/Users/pedro/OneDrive - Universidade de Aveiro/Universidade/1ano/2semestre/LSD/P/P8/Parte2/DrinksMachine.vhd Line: 26
Info (12129): Elaborating entity "DrinksFSM" using architecture "A:behavioral" for hierarchy "DrinksFSM:fsm" File: C:/Users/pedro/OneDrive - Universidade de Aveiro/Universidade/1ano/2semestre/LSD/P/P8/Parte2/DrinksMachine.vhd Line: 44
Info (12129): Elaborating entity "Bin7SegDecoder" using architecture "A:behavioral" for hierarchy "Bin7SegDecoder:dec7seg" File: C:/Users/pedro/OneDrive - Universidade de Aveiro/Universidade/1ano/2semestre/LSD/P/P8/Parte2/DrinksMachine.vhd Line: 52
Info (12129): Elaborating entity "HoldAbrir" using architecture "A:behavioral" for hierarchy "HoldAbrir:toogle_abrir" File: C:/Users/pedro/OneDrive - Universidade de Aveiro/Universidade/1ano/2semestre/LSD/P/P8/Parte2/DrinksMachine.vhd Line: 58
Warning (13024): Output pins are stuck at VCC or GND
    Warning (13410): Pin "LEDG[1]" is stuck at GND File: C:/Users/pedro/OneDrive - Universidade de Aveiro/Universidade/1ano/2semestre/LSD/P/P8/Parte2/DrinksMachine.vhd Line: 8
    Warning (13410): Pin "LEDG[2]" is stuck at GND File: C:/Users/pedro/OneDrive - Universidade de Aveiro/Universidade/1ano/2semestre/LSD/P/P8/Parte2/DrinksMachine.vhd Line: 8
    Warning (13410): Pin "LEDG[3]" is stuck at GND File: C:/Users/pedro/OneDrive - Universidade de Aveiro/Universidade/1ano/2semestre/LSD/P/P8/Parte2/DrinksMachine.vhd Line: 8
    Warning (13410): Pin "LEDG[4]" is stuck at GND File: C:/Users/pedro/OneDrive - Universidade de Aveiro/Universidade/1ano/2semestre/LSD/P/P8/Parte2/DrinksMachine.vhd Line: 8
    Warning (13410): Pin "LEDG[5]" is stuck at GND File: C:/Users/pedro/OneDrive - Universidade de Aveiro/Universidade/1ano/2semestre/LSD/P/P8/Parte2/DrinksMachine.vhd Line: 8
    Warning (13410): Pin "LEDG[6]" is stuck at GND File: C:/Users/pedro/OneDrive - Universidade de Aveiro/Universidade/1ano/2semestre/LSD/P/P8/Parte2/DrinksMachine.vhd Line: 8
    Warning (13410): Pin "LEDG[7]" is stuck at GND File: C:/Users/pedro/OneDrive - Universidade de Aveiro/Universidade/1ano/2semestre/LSD/P/P8/Parte2/DrinksMachine.vhd Line: 8
    Warning (13410): Pin "LEDG[8]" is stuck at GND File: C:/Users/pedro/OneDrive - Universidade de Aveiro/Universidade/1ano/2semestre/LSD/P/P8/Parte2/DrinksMachine.vhd Line: 8
    Warning (13410): Pin "LEDR[0]" is stuck at GND File: C:/Users/pedro/OneDrive - Universidade de Aveiro/Universidade/1ano/2semestre/LSD/P/P8/Parte2/DrinksMachine.vhd Line: 9
    Warning (13410): Pin "LEDR[1]" is stuck at GND File: C:/Users/pedro/OneDrive - Universidade de Aveiro/Universidade/1ano/2semestre/LSD/P/P8/Parte2/DrinksMachine.vhd Line: 9
    Warning (13410): Pin "LEDR[2]" is stuck at GND File: C:/Users/pedro/OneDrive - Universidade de Aveiro/Universidade/1ano/2semestre/LSD/P/P8/Parte2/DrinksMachine.vhd Line: 9
Info (286030): Timing-Driven Synthesis is running
Info (16010): Generating hard_block partition "hard_block:auto_generated_inst"
    Info (16011): Adding 0 node(s), including 0 DDIO, 0 PLL, 0 transceiver and 0 LCELL
Info (21057): Implemented 242 device resources after synthesis - the final resource count might be different
    Info (21058): Implemented 4 input pins
    Info (21059): Implemented 19 output pins
    Info (21061): Implemented 219 logic cells
Info: Quartus Prime Analysis & Synthesis was successful. 0 errors, 16 warnings
    Info: Peak virtual memory: 4850 megabytes
    Info: Processing ended: Thu Apr 06 01:09:31 2023
    Info: Elapsed time: 00:00:09
    Info: Total CPU time (on all processors): 00:00:08


