Flow report for TrafficLights
Tue May 02 18:34:43 2023
Quartus Prime Version 20.1.1 Build 720 11/11/2020 SJ Lite Edition


---------------------
; Table of Contents ;
---------------------
  1. Legal Notice
  2. Flow Summary
  3. Flow Settings
  4. Flow Non-Default Global Settings
  5. Flow Elapsed Time
  6. Flow OS Summary
  7. Flow Log
  8. Flow Messages
  9. Flow Suppressed Messages



----------------
; Legal Notice ;
----------------
Copyright (C) 2020  Intel Corporation. All rights reserved.
Your use of Intel Corporation's design tools, logic functions 
and other software and tools, and any partner logic 
functions, and any output files from any of the foregoing 
(including device programming or simulation files), and any 
associated documentation or information are expressly subject 
to the terms and conditions of the Intel Program License 
Subscription Agreement, the Intel Quartus Prime License Agreement,
the Intel FPGA IP License Agreement, or other applicable license
agreement, including, without limitation, that your use is for
the sole purpose of programming logic devices manufactured by
Intel and sold by Intel or its authorized distributors.  Please
refer to the applicable agreement for further details, at
https://fpgasoftware.intel.com/eula.



+----------------------------------------------------------------------------------+
; Flow Summary                                                                     ;
+------------------------------------+---------------------------------------------+
; Flow Status                        ; Successful - Tue May 02 18:34:43 2023       ;
; Quartus Prime Version              ; 20.1.1 Build 720 11/11/2020 SJ Lite Edition ;
; Revision Name                      ; TrafficLights                               ;
; Top-level Entity Name              ; TrafficLightsTop                            ;
; Family                             ; Cyclone IV E                                ;
; Device                             ; EP4CE115F29C7                               ;
; Timing Models                      ; Final                                       ;
; Total logic elements               ; 116 / 114,480 ( < 1 % )                     ;
;     Total combinational functions  ; 115 / 114,480 ( < 1 % )                     ;
;     Dedicated logic registers      ; 51 / 114,480 ( < 1 % )                      ;
; Total registers                    ; 51                                          ;
; Total pins                         ; 90 / 529 ( 17 % )                           ;
; Total virtual pins                 ; 0                                           ;
; Total memory bits                  ; 0 / 3,981,312 ( 0 % )                       ;
; Embedded Multiplier 9-bit elements ; 0 / 532 ( 0 % )                             ;
; Total PLLs                         ; 0 / 4 ( 0 % )                               ;
+------------------------------------+---------------------------------------------+


+-----------------------------------------+
; Flow Settings                           ;
+-------------------+---------------------+
; Option            ; Setting             ;
+-------------------+---------------------+
; Start date & time ; 05/02/2023 18:34:10 ;
; Main task         ; Compilation         ;
; Revision Name     ; TrafficLights       ;
+-------------------+---------------------+


+----------------------------------------------------------------------------------------------------------------------------------+
; Flow Non-Default Global Settings                                                                                                 ;
+-------------------------------------+----------------------------------------+---------------+------------------+----------------+
; Assignment Name                     ; Value                                  ; Default Value ; Entity Name      ; Section Id     ;
+-------------------------------------+----------------------------------------+---------------+------------------+----------------+
; COMPILER_SIGNATURE_ID               ; 93287002589184.168304885017824         ; --            ; --               ; --             ;
; EDA_OUTPUT_DATA_FORMAT              ; Vhdl                                   ; --            ; --               ; eda_simulation ;
; EDA_SIMULATION_TOOL                 ; ModelSim-Altera (VHDL)                 ; <None>        ; --               ; --             ;
; MAX_CORE_JUNCTION_TEMP              ; 85                                     ; --            ; --               ; --             ;
; MIN_CORE_JUNCTION_TEMP              ; 0                                      ; --            ; --               ; --             ;
; NOMINAL_CORE_SUPPLY_VOLTAGE         ; 1.2V                                   ; --            ; --               ; --             ;
; PARTITION_COLOR                     ; -- (Not supported for targeted family) ; --            ; TrafficLightsTop ; Top            ;
; PARTITION_FITTER_PRESERVATION_LEVEL ; -- (Not supported for targeted family) ; --            ; TrafficLightsTop ; Top            ;
; PARTITION_NETLIST_TYPE              ; -- (Not supported for targeted family) ; --            ; TrafficLightsTop ; Top            ;
; PROJECT_OUTPUT_DIRECTORY            ; output_files                           ; --            ; --               ; --             ;
; TOP_LEVEL_ENTITY                    ; TrafficLightsTop                       ; TrafficLights ; --               ; --             ;
+-------------------------------------+----------------------------------------+---------------+------------------+----------------+


+--------------------------------------------------------------------------------------------------------------------------+
; Flow Elapsed Time                                                                                                        ;
+----------------------+--------------+-------------------------+---------------------+------------------------------------+
; Module Name          ; Elapsed Time ; Average Processors Used ; Peak Virtual Memory ; Total CPU Time (on all processors) ;
+----------------------+--------------+-------------------------+---------------------+------------------------------------+
; Analysis & Synthesis ; 00:00:08     ; 1.0                     ; 4877 MB             ; 00:00:05                           ;
; Fitter               ; 00:00:16     ; 1.0                     ; 6520 MB             ; 00:00:09                           ;
; Assembler            ; 00:00:03     ; 1.0                     ; 4693 MB             ; 00:00:01                           ;
; Timing Analyzer      ; 00:00:01     ; 1.1                     ; 4960 MB             ; 00:00:00                           ;
; EDA Netlist Writer   ; 00:00:01     ; 1.0                     ; 4662 MB             ; 00:00:00                           ;
; Total                ; 00:00:29     ; --                      ; --                  ; 00:00:15                           ;
+----------------------+--------------+-------------------------+---------------------+------------------------------------+


+------------------------------------------------------------------------------------+
; Flow OS Summary                                                                    ;
+----------------------+------------------+------------+------------+----------------+
; Module Name          ; Machine Hostname ; OS Name    ; OS Version ; Processor type ;
+----------------------+------------------+------------+------------+----------------+
; Analysis & Synthesis ; Pedro            ; Windows 10 ; 10.0       ; x86_64         ;
; Fitter               ; Pedro            ; Windows 10 ; 10.0       ; x86_64         ;
; Assembler            ; Pedro            ; Windows 10 ; 10.0       ; x86_64         ;
; Timing Analyzer      ; Pedro            ; Windows 10 ; 10.0       ; x86_64         ;
; EDA Netlist Writer   ; Pedro            ; Windows 10 ; 10.0       ; x86_64         ;
+----------------------+------------------+------------+------------+----------------+


------------
; Flow Log ;
------------
quartus_map --read_settings_files=on --write_settings_files=off TrafficLights -c TrafficLights
quartus_fit --read_settings_files=off --write_settings_files=off TrafficLights -c TrafficLights
quartus_asm --read_settings_files=off --write_settings_files=off TrafficLights -c TrafficLights
quartus_sta TrafficLights -c TrafficLights
quartus_eda --read_settings_files=off --write_settings_files=off TrafficLights -c TrafficLights



